#
# There is insufficient memory for the Java Runtime Environment to continue.
# Native memory allocation (malloc) failed to allocate 541136 bytes for Chunk::new
# Possible reasons:
#   The system is out of physical RAM or swap space
#   The process is running with CompressedOops enabled, and the Java Heap may be blocking the growth of the native heap
# Possible solutions:
#   Reduce memory load on the system
#   Increase physical memory or swap space
#   Check if swap backing store is full
#   Decrease Java heap size (-Xmx/-Xms)
#   Decrease number of Java threads
#   Decrease Java thread stack sizes (-Xss)
#   Set larger code cache with -XX:ReservedCodeCacheSize=
#   JVM is running with Unscaled Compressed Oops mode in which the Java heap is
#     placed in the first 4GB address space. The Java Heap base address is the
#     maximum limit for the native heap growth. Please use -XX:HeapBaseMinAddress
#     to set the Java Heap base and to place the Java Heap above 4GB virtual address.
# This output file may be truncated or incomplete.
#
#  Out of Memory Error (arena.cpp:184), pid=24668, tid=23808
#
# JRE version: Java(TM) SE Runtime Environment (18.0.1.1+2) (build 18.0.1.1+2-6)
# Java VM: Java HotSpot(TM) 64-Bit Server VM (18.0.1.1+2-6, mixed mode, sharing, tiered, compressed oops, compressed class ptrs, g1 gc, windows-amd64)
# No core dump will be written. Minidumps are not enabled by default on client versions of Windows
#

---------------  S U M M A R Y ------------

Command Line: --add-opens=java.base/java.util=ALL-UNNAMED --add-opens=java.base/java.lang=ALL-UNNAMED --add-opens=java.base/java.lang.invoke=ALL-UNNAMED --add-opens=java.base/java.util=ALL-UNNAMED --add-opens=java.prefs/java.util.prefs=ALL-UNNAMED --add-opens=java.prefs/java.util.prefs=ALL-UNNAMED --add-opens=java.base/java.nio.charset=ALL-UNNAMED --add-opens=java.base/java.net=ALL-UNNAMED --add-opens=java.base/java.util.concurrent.atomic=ALL-UNNAMED -Xmx2048m -Dfile.encoding=UTF-8 -Duser.country=KR -Duser.language=ko -Duser.variant org.gradle.launcher.daemon.bootstrap.GradleDaemon 7.3.3

Host: 11th Gen Intel(R) Core(TM) i7-1165G7 @ 2.80GHz, 8 cores, 15G,  Windows 10 , 64 bit Build 19041 (10.0.19041.1706)
Time: Thu Jun  2 17:01:53 2022  Windows 10 , 64 bit Build 19041 (10.0.19041.1706) elapsed time: 8.881535 seconds (0d 0h 0m 8s)

---------------  T H R E A D  ---------------

Current thread (0x00000193a2a550b0):  JavaThread "C2 CompilerThread1" daemon [_thread_in_native, id=23808, stack(0x0000004bf2c00000,0x0000004bf2d00000)]


Current CompileTask:
C2:   8881 8122       4       org.gradle.internal.instantiation.generator.AbstractClassGenerator$ClassMetadata::property (42 bytes)

Stack: [0x0000004bf2c00000,0x0000004bf2d00000]
Native frames: (J=compiled Java code, j=interpreted, Vv=VM code, C=native code)
V  [jvm.dll+0x69887a]
V  [jvm.dll+0x7f38bd]
V  [jvm.dll+0x7f51ce]
V  [jvm.dll+0x7f5883]
V  [jvm.dll+0x25ca3f]
V  [jvm.dll+0xb8c2f]
V  [jvm.dll+0xb8fa5]
V  [jvm.dll+0x385a31]
V  [jvm.dll+0x34f811]
V  [jvm.dll+0x34ecaa]
V  [jvm.dll+0x22fc21]
V  [jvm.dll+0x22eff1]
V  [jvm.dll+0x1b9cfc]
V  [jvm.dll+0x23e8ca]
V  [jvm.dll+0x23cbb5]
V  [jvm.dll+0x7a5fb1]
V  [jvm.dll+0x7a03ea]
V  [jvm.dll+0x697725]
C  [ucrtbase.dll+0x21bb2]
C  [KERNEL32.DLL+0x17034]
C  [ntdll.dll+0x52651]


---------------  P R O C E S S  ---------------

Threads class SMR info:
_java_thread_list=0x00000193a393c150, length=126, elements={
0x00000193ffaa3650, 0x000001939e54b320, 0x000001939e54c370, 0x000001939e5646f0,
0x000001939e564fa0, 0x000001939e56a010, 0x000001939e56d1b0, 0x000001939e571b70,
0x000001939e57bd70, 0x000001939e581e30, 0x00000193a28ce8e0, 0x00000193a28d35d0,
0x00000193a3f55f70, 0x00000193a3f46b90, 0x00000193a422ef60, 0x00000193a3f4c7b0,
0x00000193a4318030, 0x00000193a40fe500, 0x00000193a3dc0840, 0x00000193a43316d0,
0x00000193a3cc8b10, 0x00000193a3cc7ca0, 0x00000193a3cc9980, 0x00000193a3cc6e30,
0x00000193a3cc94b0, 0x00000193a3cc9e50, 0x00000193a3cc8170, 0x00000193a3cc7300,
0x00000193a3cc77d0, 0x00000193a3cc8640, 0x00000193a3cc6490, 0x00000193a46c3f10,
0x00000193a46c3570, 0x00000193a46bed40, 0x00000193a46bf210, 0x00000193a46be3a0,
0x00000193a46c48b0, 0x00000193a46c43e0, 0x00000193a46bded0, 0x00000193a46c0550,
0x00000193a46c0a20, 0x00000193a46bd060, 0x00000193a46be870, 0x00000193a46c0ef0,
0x00000193a46c1890, 0x00000193a46c1d60, 0x00000193a46c2230, 0x00000193a46c2700,
0x00000193a46c2bd0, 0x00000193a7742af0, 0x00000193a7747320, 0x00000193a7743e30,
0x00000193a7743490, 0x00000193a77412e0, 0x00000193a7745fe0, 0x00000193a77447d0,
0x00000193a7744ca0, 0x00000193a7744300, 0x00000193a77464b0, 0x00000193a7746e50,
0x00000193a7742620, 0x00000193a7742fc0, 0x00000193a7745170, 0x00000193a7745640,
0x00000193a7745b10, 0x00000193a77417b0, 0x00000193a77477f0, 0x00000193a7743960,
0x00000193a7740940, 0x00000193a7746980, 0x00000193a7747cc0, 0x00000193a7740470,
0x00000193a7741c80, 0x00000193a7740e10, 0x00000193a7742150, 0x00000193a282dd60,
0x00000193a282b210, 0x00000193a2829060, 0x00000193a282d3c0, 0x00000193a2827d20,
0x00000193a282e700, 0x00000193a282cef0, 0x00000193a2829530, 0x00000193a2829ed0,
0x00000193a282b6e0, 0x00000193a282e230, 0x00000193a2827380, 0x00000193a282bbb0,
0x00000193a282d890, 0x00000193a282c080, 0x00000193a2827850, 0x00000193a282c550,
0x00000193a28281f0, 0x00000193a2826eb0, 0x00000193a282a3a0, 0x00000193a28286c0,
0x00000193a282ca20, 0x00000193a2828b90, 0x00000193a2829a00, 0x00000193a282a870,
0x00000193a282ad40, 0x00000193a7ed2bf0, 0x00000193a7ed5740, 0x00000193a7ed3590,
0x00000193a7ed3f30, 0x00000193a7ed7dc0, 0x00000193a7ed18b0, 0x00000193a7ed5c10,
0x00000193a7ed7420, 0x00000193a7ed4400, 0x00000193a7ed3a60, 0x00000193a7ed1d80,
0x00000193a7ed2720, 0x00000193a7ed60e0, 0x00000193a7ed4da0, 0x00000193a7ed30c0,
0x00000193a7ed48d0, 0x00000193a7ed5270, 0x00000193a7ed65b0, 0x00000193a7ed78f0,
0x00000193a7ed2250, 0x00000193a7ed0f10, 0x00000193a7ed6a80, 0x00000193a2a550b0,
0x00000193a7ed13e0, 0x00000193a2a53250
}

Java Threads: ( => current thread )
  0x00000193ffaa3650 JavaThread "main" [_thread_blocked, id=19120, stack(0x0000004bf0a00000,0x0000004bf0b00000)]
  0x000001939e54b320 JavaThread "Reference Handler" daemon [_thread_blocked, id=13432, stack(0x0000004bf1100000,0x0000004bf1200000)]
  0x000001939e54c370 JavaThread "Finalizer" daemon [_thread_blocked, id=21836, stack(0x0000004bf1200000,0x0000004bf1300000)]
  0x000001939e5646f0 JavaThread "Signal Dispatcher" daemon [_thread_blocked, id=984, stack(0x0000004bf1300000,0x0000004bf1400000)]
  0x000001939e564fa0 JavaThread "Attach Listener" daemon [_thread_blocked, id=2228, stack(0x0000004bf1400000,0x0000004bf1500000)]
  0x000001939e56a010 JavaThread "Service Thread" daemon [_thread_blocked, id=10768, stack(0x0000004bf1500000,0x0000004bf1600000)]
  0x000001939e56d1b0 JavaThread "Monitor Deflation Thread" daemon [_thread_blocked, id=4860, stack(0x0000004bf1600000,0x0000004bf1700000)]
  0x000001939e571b70 JavaThread "C2 CompilerThread0" daemon [_thread_in_native, id=27360, stack(0x0000004bf1700000,0x0000004bf1800000)]
  0x000001939e57bd70 JavaThread "C1 CompilerThread0" daemon [_thread_in_native, id=32928, stack(0x0000004bf1800000,0x0000004bf1900000)]
  0x000001939e581e30 JavaThread "Sweeper thread" daemon [_thread_blocked, id=28608, stack(0x0000004bf1900000,0x0000004bf1a00000)]
  0x00000193a28ce8e0 JavaThread "Common-Cleaner" daemon [_thread_blocked, id=26184, stack(0x0000004bf1a00000,0x0000004bf1b00000)]
  0x00000193a28d35d0 JavaThread "Notification Thread" daemon [_thread_blocked, id=23032, stack(0x0000004bf1b00000,0x0000004bf1c00000)]
  0x00000193a3f55f70 JavaThread "Daemon health stats" [_thread_blocked, id=9448, stack(0x0000004bf2300000,0x0000004bf2400000)]
  0x00000193a3f46b90 JavaThread "Incoming local TCP Connector on port 5294" [_thread_in_native, id=24168, stack(0x0000004bf1d00000,0x0000004bf1e00000)]
  0x00000193a422ef60 JavaThread "Daemon periodic checks" [_thread_blocked, id=21748, stack(0x0000004bf2400000,0x0000004bf2500000)]
  0x00000193a3f4c7b0 JavaThread "Daemon" [_thread_blocked, id=28320, stack(0x0000004bf2500000,0x0000004bf2600000)]
  0x00000193a4318030 JavaThread "Handler for socket connection from /127.0.0.1:5294 to /127.0.0.1:5295" [_thread_in_native, id=34524, stack(0x0000004bf2600000,0x0000004bf2700000)]
  0x00000193a40fe500 JavaThread "Cancel handler" [_thread_blocked, id=26952, stack(0x0000004bf2700000,0x0000004bf2800000)]
  0x00000193a3dc0840 JavaThread "Daemon worker" [_thread_in_vm, id=23132, stack(0x0000004bf2800000,0x0000004bf2900000)]
  0x00000193a43316d0 JavaThread "Asynchronous log dispatcher for DefaultDaemonConnection: socket connection from /127.0.0.1:5294 to /127.0.0.1:5295" [_thread_blocked, id=29356, stack(0x0000004bf2900000,0x0000004bf2a00000)]
  0x00000193a3cc8b10 JavaThread "Stdin handler" [_thread_blocked, id=26340, stack(0x0000004bf2a00000,0x0000004bf2b00000)]
  0x00000193a3cc7ca0 JavaThread "Daemon client event forwarder" [_thread_blocked, id=31732, stack(0x0000004bf2b00000,0x0000004bf2c00000)]
  0x00000193a3cc9980 JavaThread "Cache worker for journal cache (C:\Users\kkjsn\.gradle\caches\journal-1)" [_thread_blocked, id=12764, stack(0x0000004bf2d00000,0x0000004bf2e00000)]
  0x00000193a3cc6e30 JavaThread "File lock request listener" [_thread_in_native, id=4628, stack(0x0000004bf2e00000,0x0000004bf2f00000)]
  0x00000193a3cc94b0 JavaThread "Cache worker for file hash cache (C:\Users\kkjsn\.gradle\caches\7.3.3\fileHashes)" [_thread_blocked, id=1248, stack(0x0000004bf2f00000,0x0000004bf3000000)]
  0x00000193a3cc9e50 JavaThread "Cache worker for file hash cache (C:\Users\kkjsn\Downloads\Convenience-main\.gradle\7.3.3\fileHashes)" [_thread_blocked, id=31128, stack(0x0000004bf3000000,0x0000004bf3100000)]
  0x00000193a3cc8170 JavaThread "File watcher server" daemon [_thread_in_native, id=6880, stack(0x0000004bf3200000,0x0000004bf3300000)]
  0x00000193a3cc7300 JavaThread "File watcher consumer" daemon [_thread_blocked, id=22364, stack(0x0000004bf3300000,0x0000004bf3400000)]
  0x00000193a3cc77d0 JavaThread "Cache worker for checksums cache (C:\Users\kkjsn\Downloads\Convenience-main\.gradle\7.3.3\checksums)" [_thread_blocked, id=21932, stack(0x0000004bf3400000,0x0000004bf3500000)]
  0x00000193a3cc8640 JavaThread "Cache worker for cache directory md-supplier (C:\Users\kkjsn\.gradle\caches\7.3.3\md-supplier)" [_thread_blocked, id=11804, stack(0x0000004bf3500000,0x0000004bf3600000)]
  0x00000193a3cc6490 JavaThread "Cache worker for cache directory md-rule (C:\Users\kkjsn\.gradle\caches\7.3.3\md-rule)" [_thread_blocked, id=26396, stack(0x0000004bf3900000,0x0000004bf3a00000)]
  0x00000193a46c3f10 JavaThread "Cache worker for execution history cache (C:\Users\kkjsn\.gradle\caches\7.3.3\executionHistory)" [_thread_blocked, id=276, stack(0x0000004bf3a00000,0x0000004bf3b00000)]
  0x00000193a46c3570 JavaThread "jar transforms" [_thread_blocked, id=14804, stack(0x0000004bf3b00000,0x0000004bf3c00000)]
  0x00000193a46bed40 JavaThread "Cache worker for file content cache (C:\Users\kkjsn\.gradle\caches\7.3.3\fileContent)" [_thread_blocked, id=26748, stack(0x0000004bf3d00000,0x0000004bf3e00000)]
  0x00000193a46bf210 JavaThread "jar transforms Thread 2" [_thread_blocked, id=33884, stack(0x0000004bf3e00000,0x0000004bf3f00000)]
  0x00000193a46be3a0 JavaThread "Cache worker for dependencies-accessors (C:\Users\kkjsn\Downloads\Convenience-main\.gradle\7.3.3\dependencies-accessors)" [_thread_blocked, id=12900, stack(0x0000004bf3f00000,0x0000004bf4000000)]
  0x00000193a46c48b0 JavaThread "jar transforms Thread 3" [_thread_blocked, id=29440, stack(0x0000004bf4000000,0x0000004bf4100000)]
  0x00000193a46c43e0 JavaThread "Cache worker for Build Output Cleanup Cache (C:\Users\kkjsn\Downloads\Convenience-main\.gradle\buildOutputCleanup)" [_thread_blocked, id=33324, stack(0x0000004bf4100000,0x0000004bf4200000)]
  0x00000193a46bded0 JavaThread "Unconstrained build operations" [_thread_blocked, id=16540, stack(0x0000004bf4200000,0x0000004bf4300000)]
  0x00000193a46c0550 JavaThread "Unconstrained build operations Thread 2" [_thread_blocked, id=8944, stack(0x0000004bf4300000,0x0000004bf4400000)]
  0x00000193a46c0a20 JavaThread "Unconstrained build operations Thread 3" [_thread_blocked, id=15572, stack(0x0000004bf4400000,0x0000004bf4500000)]
  0x00000193a46bd060 JavaThread "Unconstrained build operations Thread 4" [_thread_blocked, id=22408, stack(0x0000004bf4500000,0x0000004bf4600000)]
  0x00000193a46be870 JavaThread "Unconstrained build operations Thread 5" [_thread_blocked, id=5548, stack(0x0000004bf4600000,0x0000004bf4700000)]
  0x00000193a46c0ef0 JavaThread "Unconstrained build operations Thread 6" [_thread_blocked, id=13488, stack(0x0000004bf4700000,0x0000004bf4800000)]
  0x00000193a46c1890 JavaThread "Unconstrained build operations Thread 7" [_thread_blocked, id=27944, stack(0x0000004bf4800000,0x0000004bf4900000)]
  0x00000193a46c1d60 JavaThread "Unconstrained build operations Thread 8" [_thread_blocked, id=11892, stack(0x0000004bf4900000,0x0000004bf4a00000)]
  0x00000193a46c2230 JavaThread "Unconstrained build operations Thread 9" [_thread_blocked, id=18852, stack(0x0000004bf4a00000,0x0000004bf4b00000)]
  0x00000193a46c2700 JavaThread "Unconstrained build operations Thread 10" [_thread_blocked, id=1380, stack(0x0000004bf4b00000,0x0000004bf4c00000)]
  0x00000193a46c2bd0 JavaThread "Unconstrained build operations Thread 11" [_thread_blocked, id=20084, stack(0x0000004bf4c00000,0x0000004bf4d00000)]
  0x00000193a7742af0 JavaThread "Unconstrained build operations Thread 12" [_thread_blocked, id=32212, stack(0x0000004bf4d00000,0x0000004bf4e00000)]
  0x00000193a7747320 JavaThread "Unconstrained build operations Thread 13" [_thread_blocked, id=21712, stack(0x0000004bf4e00000,0x0000004bf4f00000)]
  0x00000193a7743e30 JavaThread "Unconstrained build operations Thread 14" [_thread_blocked, id=14952, stack(0x0000004bf4f00000,0x0000004bf5000000)]
  0x00000193a7743490 JavaThread "Unconstrained build operations Thread 15" [_thread_blocked, id=32552, stack(0x0000004bf5000000,0x0000004bf5100000)]
  0x00000193a77412e0 JavaThread "Unconstrained build operations Thread 16" [_thread_blocked, id=21400, stack(0x0000004bf5100000,0x0000004bf5200000)]
  0x00000193a7745fe0 JavaThread "Unconstrained build operations Thread 17" [_thread_blocked, id=2544, stack(0x0000004bf5200000,0x0000004bf5300000)]
  0x00000193a77447d0 JavaThread "Unconstrained build operations Thread 18" [_thread_blocked, id=29508, stack(0x0000004bf5300000,0x0000004bf5400000)]
  0x00000193a7744ca0 JavaThread "Unconstrained build operations Thread 19" [_thread_blocked, id=27372, stack(0x0000004bf5400000,0x0000004bf5500000)]
  0x00000193a7744300 JavaThread "Unconstrained build operations Thread 20" [_thread_blocked, id=12800, stack(0x0000004bf5500000,0x0000004bf5600000)]
  0x00000193a77464b0 JavaThread "Unconstrained build operations Thread 21" [_thread_blocked, id=15576, stack(0x0000004bf5600000,0x0000004bf5700000)]
  0x00000193a7746e50 JavaThread "Unconstrained build operations Thread 22" [_thread_blocked, id=27856, stack(0x0000004bf5700000,0x0000004bf5800000)]
  0x00000193a7742620 JavaThread "Unconstrained build operations Thread 23" [_thread_blocked, id=15580, stack(0x0000004bf5800000,0x0000004bf5900000)]
  0x00000193a7742fc0 JavaThread "Unconstrained build operations Thread 24" [_thread_blocked, id=3908, stack(0x0000004bf5900000,0x0000004bf5a00000)]
  0x00000193a7745170 JavaThread "Unconstrained build operations Thread 25" [_thread_blocked, id=24208, stack(0x0000004bf5a00000,0x0000004bf5b00000)]
  0x00000193a7745640 JavaThread "Unconstrained build operations Thread 26" [_thread_blocked, id=2508, stack(0x0000004bf5b00000,0x0000004bf5c00000)]
  0x00000193a7745b10 JavaThread "Unconstrained build operations Thread 27" [_thread_blocked, id=4588, stack(0x0000004bf5c00000,0x0000004bf5d00000)]
  0x00000193a77417b0 JavaThread "Unconstrained build operations Thread 28" [_thread_blocked, id=8472, stack(0x0000004bf5d00000,0x0000004bf5e00000)]
  0x00000193a77477f0 JavaThread "Unconstrained build operations Thread 29" [_thread_blocked, id=4948, stack(0x0000004bf5e00000,0x0000004bf5f00000)]
  0x00000193a7743960 JavaThread "Unconstrained build operations Thread 30" [_thread_blocked, id=27796, stack(0x0000004bf5f00000,0x0000004bf6000000)]
  0x00000193a7740940 JavaThread "Unconstrained build operations Thread 31" [_thread_blocked, id=34764, stack(0x0000004bf6000000,0x0000004bf6100000)]
  0x00000193a7746980 JavaThread "Unconstrained build operations Thread 32" [_thread_blocked, id=33032, stack(0x0000004bf6100000,0x0000004bf6200000)]
  0x00000193a7747cc0 JavaThread "Unconstrained build operations Thread 33" [_thread_blocked, id=23068, stack(0x0000004bf6200000,0x0000004bf6300000)]
  0x00000193a7740470 JavaThread "Unconstrained build operations Thread 34" [_thread_blocked, id=3136, stack(0x0000004bf6300000,0x0000004bf6400000)]
  0x00000193a7741c80 JavaThread "Unconstrained build operations Thread 35" [_thread_blocked, id=18928, stack(0x0000004bf6400000,0x0000004bf6500000)]
  0x00000193a7740e10 JavaThread "Unconstrained build operations Thread 36" [_thread_blocked, id=12296, stack(0x0000004bf6500000,0x0000004bf6600000)]
  0x00000193a7742150 JavaThread "Unconstrained build operations Thread 37" [_thread_blocked, id=29016, stack(0x0000004bf6600000,0x0000004bf6700000)]
  0x00000193a282dd60 JavaThread "Unconstrained build operations Thread 38" [_thread_blocked, id=7276, stack(0x0000004bf6700000,0x0000004bf6800000)]
  0x00000193a282b210 JavaThread "Unconstrained build operations Thread 39" [_thread_blocked, id=1928, stack(0x0000004bf6800000,0x0000004bf6900000)]
  0x00000193a2829060 JavaThread "Unconstrained build operations Thread 40" [_thread_blocked, id=4360, stack(0x0000004bf6900000,0x0000004bf6a00000)]
  0x00000193a282d3c0 JavaThread "Unconstrained build operations Thread 41" [_thread_blocked, id=21512, stack(0x0000004bf6a00000,0x0000004bf6b00000)]
  0x00000193a2827d20 JavaThread "Unconstrained build operations Thread 42" [_thread_blocked, id=7940, stack(0x0000004bf6b00000,0x0000004bf6c00000)]
  0x00000193a282e700 JavaThread "Unconstrained build operations Thread 43" [_thread_blocked, id=32888, stack(0x0000004bf6c00000,0x0000004bf6d00000)]
  0x00000193a282cef0 JavaThread "Unconstrained build operations Thread 44" [_thread_blocked, id=26264, stack(0x0000004bf6d00000,0x0000004bf6e00000)]
  0x00000193a2829530 JavaThread "Unconstrained build operations Thread 45" [_thread_blocked, id=3332, stack(0x0000004bf6e00000,0x0000004bf6f00000)]
  0x00000193a2829ed0 JavaThread "Unconstrained build operations Thread 46" [_thread_blocked, id=19580, stack(0x0000004bf6f00000,0x0000004bf7000000)]
  0x00000193a282b6e0 JavaThread "Unconstrained build operations Thread 47" [_thread_blocked, id=292, stack(0x0000004bf7000000,0x0000004bf7100000)]
  0x00000193a282e230 JavaThread "Unconstrained build operations Thread 48" [_thread_blocked, id=23248, stack(0x0000004bf7100000,0x0000004bf7200000)]
  0x00000193a2827380 JavaThread "Unconstrained build operations Thread 49" [_thread_blocked, id=28832, stack(0x0000004bf7200000,0x0000004bf7300000)]
  0x00000193a282bbb0 JavaThread "Unconstrained build operations Thread 50" [_thread_blocked, id=8584, stack(0x0000004bf7300000,0x0000004bf7400000)]
  0x00000193a282d890 JavaThread "Unconstrained build operations Thread 51" [_thread_blocked, id=2496, stack(0x0000004bf7400000,0x0000004bf7500000)]
  0x00000193a282c080 JavaThread "Unconstrained build operations Thread 52" [_thread_blocked, id=32128, stack(0x0000004bf7500000,0x0000004bf7600000)]
  0x00000193a2827850 JavaThread "Unconstrained build operations Thread 53" [_thread_blocked, id=1960, stack(0x0000004bf7600000,0x0000004bf7700000)]
  0x00000193a282c550 JavaThread "Unconstrained build operations Thread 54" [_thread_blocked, id=31380, stack(0x0000004bf7700000,0x0000004bf7800000)]
  0x00000193a28281f0 JavaThread "Unconstrained build operations Thread 55" [_thread_blocked, id=4256, stack(0x0000004bf7800000,0x0000004bf7900000)]
  0x00000193a2826eb0 JavaThread "Unconstrained build operations Thread 56" [_thread_blocked, id=15752, stack(0x0000004bf7900000,0x0000004bf7a00000)]
  0x00000193a282a3a0 JavaThread "Unconstrained build operations Thread 57" [_thread_blocked, id=29360, stack(0x0000004bf7a00000,0x0000004bf7b00000)]
  0x00000193a28286c0 JavaThread "Unconstrained build operations Thread 58" [_thread_blocked, id=11764, stack(0x0000004bf7b00000,0x0000004bf7c00000)]
  0x00000193a282ca20 JavaThread "Unconstrained build operations Thread 59" [_thread_blocked, id=33812, stack(0x0000004bf7c00000,0x0000004bf7d00000)]
  0x00000193a2828b90 JavaThread "Unconstrained build operations Thread 60" [_thread_blocked, id=23024, stack(0x0000004bf7d00000,0x0000004bf7e00000)]
  0x00000193a2829a00 JavaThread "Unconstrained build operations Thread 61" [_thread_blocked, id=28512, stack(0x0000004bf7e00000,0x0000004bf7f00000)]
  0x00000193a282a870 JavaThread "Unconstrained build operations Thread 62" [_thread_blocked, id=28848, stack(0x0000004bf7f00000,0x0000004bf8000000)]
  0x00000193a282ad40 JavaThread "Unconstrained build operations Thread 63" [_thread_blocked, id=26468, stack(0x0000004bf8000000,0x0000004bf8100000)]
  0x00000193a7ed2bf0 JavaThread "Unconstrained build operations Thread 64" [_thread_blocked, id=28240, stack(0x0000004bf8100000,0x0000004bf8200000)]
  0x00000193a7ed5740 JavaThread "Unconstrained build operations Thread 65" [_thread_blocked, id=9792, stack(0x0000004bf8200000,0x0000004bf8300000)]
  0x00000193a7ed3590 JavaThread "Unconstrained build operations Thread 66" [_thread_blocked, id=26196, stack(0x0000004bf8300000,0x0000004bf8400000)]
  0x00000193a7ed3f30 JavaThread "Unconstrained build operations Thread 67" [_thread_blocked, id=28504, stack(0x0000004bf8400000,0x0000004bf8500000)]
  0x00000193a7ed7dc0 JavaThread "Unconstrained build operations Thread 68" [_thread_blocked, id=19600, stack(0x0000004bf8500000,0x0000004bf8600000)]
  0x00000193a7ed18b0 JavaThread "Unconstrained build operations Thread 69" [_thread_blocked, id=19436, stack(0x0000004bf8600000,0x0000004bf8700000)]
  0x00000193a7ed5c10 JavaThread "Unconstrained build operations Thread 70" [_thread_blocked, id=11832, stack(0x0000004bf8700000,0x0000004bf8800000)]
  0x00000193a7ed7420 JavaThread "Unconstrained build operations Thread 71" [_thread_blocked, id=28036, stack(0x0000004bf8800000,0x0000004bf8900000)]
  0x00000193a7ed4400 JavaThread "Unconstrained build operations Thread 72" [_thread_blocked, id=880, stack(0x0000004bf8900000,0x0000004bf8a00000)]
  0x00000193a7ed3a60 JavaThread "Unconstrained build operations Thread 73" [_thread_blocked, id=15800, stack(0x0000004bf8a00000,0x0000004bf8b00000)]
  0x00000193a7ed1d80 JavaThread "Unconstrained build operations Thread 74" [_thread_blocked, id=30272, stack(0x0000004bf8b00000,0x0000004bf8c00000)]
  0x00000193a7ed2720 JavaThread "Unconstrained build operations Thread 75" [_thread_blocked, id=15764, stack(0x0000004bf8c00000,0x0000004bf8d00000)]
  0x00000193a7ed60e0 JavaThread "Unconstrained build operations Thread 76" [_thread_blocked, id=14252, stack(0x0000004bf8d00000,0x0000004bf8e00000)]
  0x00000193a7ed4da0 JavaThread "Unconstrained build operations Thread 77" [_thread_blocked, id=4020, stack(0x0000004bf8e00000,0x0000004bf8f00000)]
  0x00000193a7ed30c0 JavaThread "Unconstrained build operations Thread 78" [_thread_blocked, id=29916, stack(0x0000004bf8f00000,0x0000004bf9000000)]
  0x00000193a7ed48d0 JavaThread "Unconstrained build operations Thread 79" [_thread_blocked, id=12272, stack(0x0000004bf9000000,0x0000004bf9100000)]
  0x00000193a7ed5270 JavaThread "Unconstrained build operations Thread 80" [_thread_blocked, id=14208, stack(0x0000004bf9100000,0x0000004bf9200000)]
  0x00000193a7ed65b0 JavaThread "jar transforms Thread 4" [_thread_blocked, id=9356, stack(0x0000004bf9200000,0x0000004bf9300000)]
  0x00000193a7ed78f0 JavaThread "jar transforms Thread 5" [_thread_blocked, id=13804, stack(0x0000004bf9300000,0x0000004bf9400000)]
  0x00000193a7ed2250 JavaThread "jar transforms Thread 6" [_thread_blocked, id=33768, stack(0x0000004bf9400000,0x0000004bf9500000)]
  0x00000193a7ed0f10 JavaThread "jar transforms Thread 7" [_thread_blocked, id=23832, stack(0x0000004bf9500000,0x0000004bf9600000)]
  0x00000193a7ed6a80 JavaThread "jar transforms Thread 8" [_thread_blocked, id=10284, stack(0x0000004bf9600000,0x0000004bf9700000)]
=>0x00000193a2a550b0 JavaThread "C2 CompilerThread1" daemon [_thread_in_native, id=23808, stack(0x0000004bf2c00000,0x0000004bf2d00000)]
  0x00000193a7ed13e0 JavaThread "Memory manager" [_thread_blocked, id=14572, stack(0x0000004bf3100000,0x0000004bf3200000)]
  0x00000193a2a53250 JavaThread "C2 CompilerThread2" daemon [_thread_in_native, id=14644, stack(0x0000004bf9700000,0x0000004bf9800000)]

Other Threads:
  0x000001939e547dd0 VMThread "VM Thread" [stack: 0x0000004bf1000000,0x0000004bf1100000] [id=19292]
  0x00000193a28d46c0 WatcherThread "VM Periodic Task Thread" [stack: 0x0000004bf1c00000,0x0000004bf1d00000] [id=6520]
  0x00000193ffb03130 WorkerThread "GC Thread#0" [stack: 0x0000004bf0b00000,0x0000004bf0c00000] [id=26036]
  0x00000193a2a92610 WorkerThread "GC Thread#1" [stack: 0x0000004bf1e00000,0x0000004bf1f00000] [id=20512]
  0x00000193a32acf70 WorkerThread "GC Thread#2" [stack: 0x0000004bf1f00000,0x0000004bf2000000] [id=20828]
  0x00000193a307bee0 WorkerThread "GC Thread#3" [stack: 0x0000004bf2000000,0x0000004bf2100000] [id=2208]
  0x00000193a307d140 WorkerThread "GC Thread#4" [stack: 0x0000004bf2100000,0x0000004bf2200000] [id=20320]
  0x00000193a307eb40 WorkerThread "GC Thread#5" [stack: 0x0000004bf2200000,0x0000004bf2300000] [id=17888]
  0x00000193a42f2a20 WorkerThread "GC Thread#6" [stack: 0x0000004bf3600000,0x0000004bf3700000] [id=32400]
  0x00000193a42f3200 WorkerThread "GC Thread#7" [stack: 0x0000004bf3700000,0x0000004bf3800000] [id=28244]
  0x00000193ffb13e10 ConcurrentGCThread "G1 Main Marker" [stack: 0x0000004bf0c00000,0x0000004bf0d00000] [id=21320]
  0x00000193ffb14d50 WorkerThread "G1 Conc#0" [stack: 0x0000004bf0d00000,0x0000004bf0e00000] [id=27208]
  0x00000193a42f34a0 WorkerThread "G1 Conc#1" [stack: 0x0000004bf3800000,0x0000004bf3900000] [id=16860]
  0x00000193ffb6e7b0 ConcurrentGCThread "G1 Refine#0" [stack: 0x0000004bf0e00000,0x0000004bf0f00000] [id=28824]
  0x00000193a4453f60 ConcurrentGCThread "G1 Refine#1" [stack: 0x0000004bf3c00000,0x0000004bf3d00000] [id=26112]
  0x000001939e404130 ConcurrentGCThread "G1 Service" [stack: 0x0000004bf0f00000,0x0000004bf1000000] [id=34064]

Threads with active compile tasks:
C2 CompilerThread0     8930 8149       4       org.gradle.internal.reflect.MethodSet::add (50 bytes)
C1 CompilerThread0     8930 8167       3       java.lang.invoke.LambdaForm$MH/0x000000080141c400::invoke (42 bytes)
C2 CompilerThread1     8930 8122       4       org.gradle.internal.instantiation.generator.AbstractClassGenerator$ClassMetadata::property (42 bytes)
C2 CompilerThread2     8930 8126       4       org.gradle.internal.instantiation.generator.AbstractClassGenerator::inspectType (560 bytes)

VM state: not at safepoint (normal execution)

VM Mutex/Monitor currently owned by a thread: None

Heap address: 0x0000000080000000, size: 2048 MB, Compressed Oops mode: 32-bit

CDS archive(s) mapped at: [0x0000000800000000-0x0000000800ba0000-0x0000000800ba0000), size 12189696, SharedBaseAddress: 0x0000000800000000, ArchiveRelocationMode: 0.
Compressed class space mapped at: 0x0000000800c00000-0x0000000840c00000, reserved size: 1073741824
Narrow klass base: 0x0000000800000000, Narrow klass shift: 0, Narrow klass range: 0x100000000

GC Precious Log:
 CardTable entry size: 512
 Card Set container configuration: InlinePtr #cards 5 size 8 Array Of Cards #cards 12 size 40 Howl #buckets 4 coarsen threshold 1843 Howl Bitmap #cards 512 size 80 coarsen threshold 460 Card regions per heap region 1 cards per card region 2048
 CPUs: 8 total, 8 available
 Memory: 16057M
 Large Page Support: Disabled
 NUMA Support: Disabled
 Compressed Oops: Enabled (32-bit)
 Heap Region Size: 1M
 Heap Min Capacity: 8M
 Heap Initial Capacity: 252M
 Heap Max Capacity: 2G
 Pre-touch: Disabled
 Parallel Workers: 8
 Concurrent Workers: 2
 Concurrent Refinement Workers: 8
 Periodic GC: Disabled

Heap:
 garbage-first heap   total 180224K, used 124122K [0x0000000080000000, 0x0000000100000000)
  region size 1024K, 65 young (66560K), 1 survivors (1024K)
 Metaspace       used 70292K, committed 72064K, reserved 1114112K
  class space    used 9627K, committed 10496K, reserved 1048576K

Heap Regions: E=young(eden), S=young(survivor), O=old, HS=humongous(starts), HC=humongous(continues), CS=collection set, F=free, OA=open archive, CA=closed archive, TAMS=top-at-mark-start (previous, next)
|   0|0x0000000080000000, 0x0000000080100000, 0x0000000080100000|100%| O|  |TAMS 0x0000000080100000, 0x0000000080000000| Untracked 
|   1|0x0000000080100000, 0x0000000080200000, 0x0000000080200000|100%| O|  |TAMS 0x0000000080200000, 0x0000000080100000| Untracked 
|   2|0x0000000080200000, 0x0000000080300000, 0x0000000080300000|100%| O|  |TAMS 0x0000000080300000, 0x0000000080200000| Untracked 
|   3|0x0000000080300000, 0x0000000080400000, 0x0000000080400000|100%|HS|  |TAMS 0x0000000080400000, 0x0000000080300000| Complete 
|   4|0x0000000080400000, 0x0000000080500000, 0x0000000080500000|100%|HC|  |TAMS 0x0000000080500000, 0x0000000080400000| Complete 
|   5|0x0000000080500000, 0x0000000080600000, 0x0000000080600000|100%|HC|  |TAMS 0x0000000080600000, 0x0000000080500000| Complete 
|   6|0x0000000080600000, 0x0000000080700000, 0x0000000080700000|100%| O|  |TAMS 0x0000000080700000, 0x0000000080600000| Untracked 
|   7|0x0000000080700000, 0x0000000080800000, 0x0000000080800000|100%| O|  |TAMS 0x0000000080800000, 0x0000000080700000| Untracked 
|   8|0x0000000080800000, 0x0000000080900000, 0x0000000080900000|100%| O|  |TAMS 0x0000000080900000, 0x0000000080800000| Untracked 
|   9|0x0000000080900000, 0x0000000080a00000, 0x0000000080a00000|100%| O|  |TAMS 0x0000000080a00000, 0x0000000080900000| Untracked 
|  10|0x0000000080a00000, 0x0000000080b00000, 0x0000000080b00000|100%| O|  |TAMS 0x0000000080a00000, 0x0000000080a00000| Untracked 
|  11|0x0000000080b00000, 0x0000000080c00000, 0x0000000080c00000|100%| O|  |TAMS 0x0000000080c00000, 0x0000000080b00000| Untracked 
|  12|0x0000000080c00000, 0x0000000080d00000, 0x0000000080d00000|100%| O|  |TAMS 0x0000000080d00000, 0x0000000080c00000| Untracked 
|  13|0x0000000080d00000, 0x0000000080e00000, 0x0000000080e00000|100%| O|  |TAMS 0x0000000080e00000, 0x0000000080d00000| Untracked 
|  14|0x0000000080e00000, 0x0000000080f00000, 0x0000000080f00000|100%| O|  |TAMS 0x0000000080f00000, 0x0000000080e00000| Untracked 
|  15|0x0000000080f00000, 0x0000000081000000, 0x0000000081000000|100%| O|  |TAMS 0x0000000081000000, 0x0000000080f00000| Untracked 
|  16|0x0000000081000000, 0x0000000081100000, 0x0000000081100000|100%| O|  |TAMS 0x0000000081100000, 0x0000000081000000| Untracked 
|  17|0x0000000081100000, 0x0000000081200000, 0x0000000081200000|100%| O|  |TAMS 0x0000000081200000, 0x0000000081100000| Untracked 
|  18|0x0000000081200000, 0x0000000081300000, 0x0000000081300000|100%| O|  |TAMS 0x0000000081300000, 0x0000000081200000| Untracked 
|  19|0x0000000081300000, 0x0000000081400000, 0x0000000081400000|100%| O|  |TAMS 0x0000000081400000, 0x0000000081300000| Untracked 
|  20|0x0000000081400000, 0x0000000081500000, 0x0000000081500000|100%| O|  |TAMS 0x0000000081500000, 0x0000000081400000| Untracked 
|  21|0x0000000081500000, 0x0000000081600000, 0x0000000081600000|100%| O|  |TAMS 0x0000000081600000, 0x0000000081500000| Untracked 
|  22|0x0000000081600000, 0x0000000081700000, 0x0000000081700000|100%| O|  |TAMS 0x0000000081700000, 0x0000000081600000| Untracked 
|  23|0x0000000081700000, 0x0000000081800000, 0x0000000081800000|100%| O|  |TAMS 0x0000000081800000, 0x0000000081700000| Untracked 
|  24|0x0000000081800000, 0x0000000081900000, 0x0000000081900000|100%| O|  |TAMS 0x0000000081900000, 0x0000000081800000| Untracked 
|  25|0x0000000081900000, 0x0000000081a00000, 0x0000000081a00000|100%| O|  |TAMS 0x0000000081a00000, 0x0000000081900000| Untracked 
|  26|0x0000000081a00000, 0x0000000081b00000, 0x0000000081b00000|100%| O|  |TAMS 0x0000000081b00000, 0x0000000081a00000| Untracked 
|  27|0x0000000081b00000, 0x0000000081c00000, 0x0000000081c00000|100%| O|  |TAMS 0x0000000081c00000, 0x0000000081b00000| Untracked 
|  28|0x0000000081c00000, 0x0000000081d00000, 0x0000000081d00000|100%| O|  |TAMS 0x0000000081d00000, 0x0000000081c00000| Untracked 
|  29|0x0000000081d00000, 0x0000000081e00000, 0x0000000081e00000|100%| O|  |TAMS 0x0000000081e00000, 0x0000000081d00000| Untracked 
|  30|0x0000000081e00000, 0x0000000081f00000, 0x0000000081f00000|100%| O|  |TAMS 0x0000000081f00000, 0x0000000081e00000| Untracked 
|  31|0x0000000081f00000, 0x0000000082000000, 0x0000000082000000|100%|HS|  |TAMS 0x0000000082000000, 0x0000000081f00000| Complete 
|  32|0x0000000082000000, 0x0000000082100000, 0x0000000082100000|100%|HS|  |TAMS 0x0000000082100000, 0x0000000082000000| Complete 
|  33|0x0000000082100000, 0x0000000082200000, 0x0000000082200000|100%|HS|  |TAMS 0x0000000082200000, 0x0000000082100000| Complete 
|  34|0x0000000082200000, 0x0000000082300000, 0x0000000082300000|100%|HC|  |TAMS 0x0000000082300000, 0x0000000082200000| Complete 
|  35|0x0000000082300000, 0x0000000082400000, 0x0000000082400000|100%| O|  |TAMS 0x0000000082400000, 0x0000000082300000| Untracked 
|  36|0x0000000082400000, 0x0000000082500000, 0x0000000082500000|100%| O|  |TAMS 0x0000000082500000, 0x0000000082400000| Untracked 
|  37|0x0000000082500000, 0x0000000082600000, 0x0000000082600000|100%| O|  |TAMS 0x0000000082600000, 0x0000000082500000| Untracked 
|  38|0x0000000082600000, 0x0000000082700000, 0x0000000082700000|100%| O|  |TAMS 0x0000000082700000, 0x0000000082600000| Untracked 
|  39|0x0000000082700000, 0x0000000082800000, 0x0000000082800000|100%| O|  |TAMS 0x0000000082800000, 0x0000000082700000| Untracked 
|  40|0x0000000082800000, 0x0000000082900000, 0x0000000082900000|100%| O|  |TAMS 0x0000000082900000, 0x0000000082800000| Untracked 
|  41|0x0000000082900000, 0x0000000082a00000, 0x0000000082a00000|100%| O|  |TAMS 0x0000000082a00000, 0x0000000082900000| Untracked 
|  42|0x0000000082a00000, 0x0000000082b00000, 0x0000000082b00000|100%| O|  |TAMS 0x0000000082b00000, 0x0000000082a00000| Untracked 
|  43|0x0000000082b00000, 0x0000000082c00000, 0x0000000082c00000|100%| O|  |TAMS 0x0000000082c00000, 0x0000000082b00000| Untracked 
|  44|0x0000000082c00000, 0x0000000082d00000, 0x0000000082d00000|100%| O|  |TAMS 0x0000000082d00000, 0x0000000082c00000| Untracked 
|  45|0x0000000082d00000, 0x0000000082e00000, 0x0000000082e00000|100%| O|  |TAMS 0x0000000082e00000, 0x0000000082d00000| Untracked 
|  46|0x0000000082e00000, 0x0000000082f00000, 0x0000000082f00000|100%| O|  |TAMS 0x0000000082f00000, 0x0000000082e00000| Untracked 
|  47|0x0000000082f00000, 0x0000000083000000, 0x0000000083000000|100%| O|  |TAMS 0x0000000083000000, 0x0000000082f00000| Untracked 
|  48|0x0000000083000000, 0x0000000083100000, 0x0000000083100000|100%| O|  |TAMS 0x0000000083100000, 0x0000000083000000| Untracked 
|  49|0x0000000083100000, 0x0000000083200000, 0x0000000083200000|100%| O|  |TAMS 0x0000000083200000, 0x0000000083100000| Untracked 
|  50|0x0000000083200000, 0x0000000083300000, 0x0000000083300000|100%| O|  |TAMS 0x0000000083300000, 0x0000000083200000| Untracked 
|  51|0x0000000083300000, 0x0000000083400000, 0x0000000083400000|100%| O|  |TAMS 0x0000000083400000, 0x0000000083300000| Untracked 
|  52|0x0000000083400000, 0x0000000083500000, 0x0000000083500000|100%| O|  |TAMS 0x0000000083500000, 0x0000000083400000| Untracked 
|  53|0x0000000083500000, 0x0000000083500000, 0x0000000083600000|  0%| F|  |TAMS 0x0000000083500000, 0x0000000083500000| Untracked 
|  54|0x0000000083600000, 0x0000000083700000, 0x0000000083700000|100%| O|  |TAMS 0x0000000083700000, 0x0000000083600000| Untracked 
|  55|0x0000000083700000, 0x0000000083800000, 0x0000000083800000|100%| O|  |TAMS 0x0000000083800000, 0x0000000083700000| Untracked 
|  56|0x0000000083800000, 0x0000000083900000, 0x0000000083900000|100%| O|  |TAMS 0x0000000083889a00, 0x0000000083800000| Untracked 
|  57|0x0000000083900000, 0x0000000083a00000, 0x0000000083a00000|100%| O|  |TAMS 0x0000000083900000, 0x0000000083900000| Untracked 
|  58|0x0000000083a00000, 0x0000000083b00000, 0x0000000083b00000|100%| O|  |TAMS 0x0000000083a00000, 0x0000000083a00000| Untracked 
|  59|0x0000000083b00000, 0x0000000083be6c00, 0x0000000083c00000| 90%| O|  |TAMS 0x0000000083b00000, 0x0000000083b00000| Untracked 
|  60|0x0000000083c00000, 0x0000000083c00000, 0x0000000083d00000|  0%| F|  |TAMS 0x0000000083c00000, 0x0000000083c00000| Untracked 
|  61|0x0000000083d00000, 0x0000000083d00000, 0x0000000083e00000|  0%| F|  |TAMS 0x0000000083d00000, 0x0000000083d00000| Untracked 
|  62|0x0000000083e00000, 0x0000000083e00000, 0x0000000083f00000|  0%| F|  |TAMS 0x0000000083e00000, 0x0000000083e00000| Untracked 
|  63|0x0000000083f00000, 0x0000000083f00000, 0x0000000084000000|  0%| F|  |TAMS 0x0000000083f00000, 0x0000000083f00000| Untracked 
|  64|0x0000000084000000, 0x0000000084000000, 0x0000000084100000|  0%| F|  |TAMS 0x0000000084000000, 0x0000000084000000| Untracked 
|  65|0x0000000084100000, 0x0000000084100000, 0x0000000084200000|  0%| F|  |TAMS 0x0000000084100000, 0x0000000084100000| Untracked 
|  66|0x0000000084200000, 0x0000000084200000, 0x0000000084300000|  0%| F|  |TAMS 0x0000000084200000, 0x0000000084200000| Untracked 
|  67|0x0000000084300000, 0x0000000084300000, 0x0000000084400000|  0%| F|  |TAMS 0x0000000084300000, 0x0000000084300000| Untracked 
|  68|0x0000000084400000, 0x0000000084400000, 0x0000000084500000|  0%| F|  |TAMS 0x0000000084400000, 0x0000000084400000| Untracked 
|  69|0x0000000084500000, 0x0000000084500000, 0x0000000084600000|  0%| F|  |TAMS 0x0000000084500000, 0x0000000084500000| Untracked 
|  70|0x0000000084600000, 0x0000000084600000, 0x0000000084700000|  0%| F|  |TAMS 0x0000000084600000, 0x0000000084600000| Untracked 
|  71|0x0000000084700000, 0x0000000084700000, 0x0000000084800000|  0%| F|  |TAMS 0x0000000084700000, 0x0000000084700000| Untracked 
|  72|0x0000000084800000, 0x0000000084800000, 0x0000000084900000|  0%| F|  |TAMS 0x0000000084800000, 0x0000000084800000| Untracked 
|  73|0x0000000084900000, 0x0000000084900000, 0x0000000084a00000|  0%| F|  |TAMS 0x0000000084900000, 0x0000000084900000| Untracked 
|  74|0x0000000084a00000, 0x0000000084a00000, 0x0000000084b00000|  0%| F|  |TAMS 0x0000000084a00000, 0x0000000084a00000| Untracked 
|  75|0x0000000084b00000, 0x0000000084b00000, 0x0000000084c00000|  0%| F|  |TAMS 0x0000000084b00000, 0x0000000084b00000| Untracked 
|  76|0x0000000084c00000, 0x0000000084c00000, 0x0000000084d00000|  0%| F|  |TAMS 0x0000000084c00000, 0x0000000084c00000| Untracked 
|  77|0x0000000084d00000, 0x0000000084d00000, 0x0000000084e00000|  0%| F|  |TAMS 0x0000000084d00000, 0x0000000084d00000| Untracked 
|  78|0x0000000084e00000, 0x0000000084e00000, 0x0000000084f00000|  0%| F|  |TAMS 0x0000000084e00000, 0x0000000084e00000| Untracked 
|  79|0x0000000084f00000, 0x0000000084f00000, 0x0000000085000000|  0%| F|  |TAMS 0x0000000084f00000, 0x0000000084f00000| Untracked 
|  80|0x0000000085000000, 0x0000000085000000, 0x0000000085100000|  0%| F|  |TAMS 0x0000000085000000, 0x0000000085000000| Untracked 
|  81|0x0000000085100000, 0x0000000085100000, 0x0000000085200000|  0%| F|  |TAMS 0x0000000085100000, 0x0000000085100000| Untracked 
|  82|0x0000000085200000, 0x0000000085200000, 0x0000000085300000|  0%| F|  |TAMS 0x0000000085200000, 0x0000000085200000| Untracked 
|  83|0x0000000085300000, 0x0000000085300000, 0x0000000085400000|  0%| F|  |TAMS 0x0000000085300000, 0x0000000085300000| Untracked 
|  84|0x0000000085400000, 0x0000000085400000, 0x0000000085500000|  0%| F|  |TAMS 0x0000000085400000, 0x0000000085400000| Untracked 
|  85|0x0000000085500000, 0x0000000085500000, 0x0000000085600000|  0%| F|  |TAMS 0x0000000085500000, 0x0000000085500000| Untracked 
|  86|0x0000000085600000, 0x0000000085600000, 0x0000000085700000|  0%| F|  |TAMS 0x0000000085600000, 0x0000000085600000| Untracked 
|  87|0x0000000085700000, 0x0000000085700000, 0x0000000085800000|  0%| F|  |TAMS 0x0000000085700000, 0x0000000085700000| Untracked 
|  88|0x0000000085800000, 0x0000000085800000, 0x0000000085900000|  0%| F|  |TAMS 0x0000000085800000, 0x0000000085800000| Untracked 
|  89|0x0000000085900000, 0x0000000085900000, 0x0000000085a00000|  0%| F|  |TAMS 0x0000000085900000, 0x0000000085900000| Untracked 
|  90|0x0000000085a00000, 0x0000000085a00000, 0x0000000085b00000|  0%| F|  |TAMS 0x0000000085a00000, 0x0000000085a00000| Untracked 
|  91|0x0000000085b00000, 0x0000000085b00000, 0x0000000085c00000|  0%| F|  |TAMS 0x0000000085b00000, 0x0000000085b00000| Untracked 
|  92|0x0000000085c00000, 0x0000000085c00000, 0x0000000085d00000|  0%| F|  |TAMS 0x0000000085c00000, 0x0000000085c00000| Untracked 
|  93|0x0000000085d00000, 0x0000000085d00000, 0x0000000085e00000|  0%| F|  |TAMS 0x0000000085d00000, 0x0000000085d00000| Untracked 
|  94|0x0000000085e00000, 0x0000000085e00000, 0x0000000085f00000|  0%| F|  |TAMS 0x0000000085e00000, 0x0000000085e00000| Untracked 
|  95|0x0000000085f00000, 0x0000000085f00000, 0x0000000086000000|  0%| F|  |TAMS 0x0000000085f00000, 0x0000000085f00000| Untracked 
|  96|0x0000000086000000, 0x0000000086000000, 0x0000000086100000|  0%| F|  |TAMS 0x0000000086000000, 0x0000000086000000| Untracked 
|  97|0x0000000086100000, 0x0000000086100000, 0x0000000086200000|  0%| F|  |TAMS 0x0000000086100000, 0x0000000086100000| Untracked 
|  98|0x0000000086200000, 0x0000000086200000, 0x0000000086300000|  0%| F|  |TAMS 0x0000000086200000, 0x0000000086200000| Untracked 
|  99|0x0000000086300000, 0x0000000086300000, 0x0000000086400000|  0%| F|  |TAMS 0x0000000086300000, 0x0000000086300000| Untracked 
| 100|0x0000000086400000, 0x0000000086400000, 0x0000000086500000|  0%| F|  |TAMS 0x0000000086400000, 0x0000000086400000| Untracked 
| 101|0x0000000086500000, 0x0000000086500000, 0x0000000086600000|  0%| F|  |TAMS 0x0000000086500000, 0x0000000086500000| Untracked 
| 102|0x0000000086600000, 0x0000000086600000, 0x0000000086700000|  0%| F|  |TAMS 0x0000000086600000, 0x0000000086600000| Untracked 
| 103|0x0000000086700000, 0x0000000086700000, 0x0000000086800000|  0%| F|  |TAMS 0x0000000086700000, 0x0000000086700000| Untracked 
| 104|0x0000000086800000, 0x0000000086800000, 0x0000000086900000|  0%| F|  |TAMS 0x0000000086800000, 0x0000000086800000| Untracked 
| 105|0x0000000086900000, 0x0000000086900000, 0x0000000086a00000|  0%| F|  |TAMS 0x0000000086900000, 0x0000000086900000| Untracked 
| 106|0x0000000086a00000, 0x0000000086a00000, 0x0000000086b00000|  0%| F|  |TAMS 0x0000000086a00000, 0x0000000086a00000| Untracked 
| 107|0x0000000086b00000, 0x0000000086b00000, 0x0000000086c00000|  0%| F|  |TAMS 0x0000000086b00000, 0x0000000086b00000| Untracked 
| 108|0x0000000086c00000, 0x0000000086c00000, 0x0000000086d00000|  0%| F|  |TAMS 0x0000000086c00000, 0x0000000086c00000| Untracked 
| 109|0x0000000086d00000, 0x0000000086d00000, 0x0000000086e00000|  0%| F|  |TAMS 0x0000000086d00000, 0x0000000086d00000| Untracked 
| 110|0x0000000086e00000, 0x0000000086e51730, 0x0000000086f00000| 39%| E|  |TAMS 0x0000000086e00000, 0x0000000086e00000| Complete 
| 111|0x0000000086f00000, 0x0000000087000000, 0x0000000087000000|100%| E|CS|TAMS 0x0000000086f00000, 0x0000000086f00000| Complete 
| 112|0x0000000087000000, 0x0000000087100000, 0x0000000087100000|100%| E|CS|TAMS 0x0000000087000000, 0x0000000087000000| Complete 
| 113|0x0000000087100000, 0x0000000087200000, 0x0000000087200000|100%| E|CS|TAMS 0x0000000087100000, 0x0000000087100000| Complete 
| 114|0x0000000087200000, 0x0000000087300000, 0x0000000087300000|100%| E|CS|TAMS 0x0000000087200000, 0x0000000087200000| Complete 
| 115|0x0000000087300000, 0x0000000087400000, 0x0000000087400000|100%| E|CS|TAMS 0x0000000087300000, 0x0000000087300000| Complete 
| 116|0x0000000087400000, 0x0000000087500000, 0x0000000087500000|100%| E|CS|TAMS 0x0000000087400000, 0x0000000087400000| Complete 
| 117|0x0000000087500000, 0x0000000087600000, 0x0000000087600000|100%| E|CS|TAMS 0x0000000087500000, 0x0000000087500000| Complete 
| 118|0x0000000087600000, 0x0000000087700000, 0x0000000087700000|100%| E|CS|TAMS 0x0000000087600000, 0x0000000087600000| Complete 
| 119|0x0000000087700000, 0x0000000087800000, 0x0000000087800000|100%| E|CS|TAMS 0x0000000087700000, 0x0000000087700000| Complete 
| 120|0x0000000087800000, 0x0000000087900000, 0x0000000087900000|100%| E|CS|TAMS 0x0000000087800000, 0x0000000087800000| Complete 
| 121|0x0000000087900000, 0x0000000087a00000, 0x0000000087a00000|100%| E|CS|TAMS 0x0000000087900000, 0x0000000087900000| Complete 
| 122|0x0000000087a00000, 0x0000000087b00000, 0x0000000087b00000|100%| E|CS|TAMS 0x0000000087a00000, 0x0000000087a00000| Complete 
| 123|0x0000000087b00000, 0x0000000087c00000, 0x0000000087c00000|100%| E|CS|TAMS 0x0000000087b00000, 0x0000000087b00000| Complete 
| 124|0x0000000087c00000, 0x0000000087d00000, 0x0000000087d00000|100%| E|CS|TAMS 0x0000000087c00000, 0x0000000087c00000| Complete 
| 125|0x0000000087d00000, 0x0000000087e00000, 0x0000000087e00000|100%| E|CS|TAMS 0x0000000087d00000, 0x0000000087d00000| Complete 
| 126|0x0000000087e00000, 0x0000000087f00000, 0x0000000087f00000|100%| E|CS|TAMS 0x0000000087e00000, 0x0000000087e00000| Complete 
| 127|0x0000000087f00000, 0x0000000088000000, 0x0000000088000000|100%| E|CS|TAMS 0x0000000087f00000, 0x0000000087f00000| Complete 
| 128|0x0000000088000000, 0x0000000088100000, 0x0000000088100000|100%| E|CS|TAMS 0x0000000088000000, 0x0000000088000000| Complete 
| 129|0x0000000088100000, 0x0000000088200000, 0x0000000088200000|100%| E|CS|TAMS 0x0000000088100000, 0x0000000088100000| Complete 
| 130|0x0000000088200000, 0x0000000088300000, 0x0000000088300000|100%| E|CS|TAMS 0x0000000088200000, 0x0000000088200000| Complete 
| 131|0x0000000088300000, 0x0000000088400000, 0x0000000088400000|100%| E|CS|TAMS 0x0000000088300000, 0x0000000088300000| Complete 
| 132|0x0000000088400000, 0x0000000088500000, 0x0000000088500000|100%| E|CS|TAMS 0x0000000088400000, 0x0000000088400000| Complete 
| 133|0x0000000088500000, 0x0000000088600000, 0x0000000088600000|100%| E|CS|TAMS 0x0000000088500000, 0x0000000088500000| Complete 
| 134|0x0000000088600000, 0x0000000088700000, 0x0000000088700000|100%| E|CS|TAMS 0x0000000088600000, 0x0000000088600000| Complete 
| 135|0x0000000088700000, 0x0000000088800000, 0x0000000088800000|100%| E|  |TAMS 0x0000000088700000, 0x0000000088700000| Complete 
| 136|0x0000000088800000, 0x0000000088900000, 0x0000000088900000|100%| E|CS|TAMS 0x0000000088800000, 0x0000000088800000| Complete 
| 137|0x0000000088900000, 0x0000000088a00000, 0x0000000088a00000|100%| E|CS|TAMS 0x0000000088900000, 0x0000000088900000| Complete 
| 138|0x0000000088a00000, 0x0000000088b00000, 0x0000000088b00000|100%| E|CS|TAMS 0x0000000088a00000, 0x0000000088a00000| Complete 
| 139|0x0000000088b00000, 0x0000000088c00000, 0x0000000088c00000|100%| E|CS|TAMS 0x0000000088b00000, 0x0000000088b00000| Complete 
| 140|0x0000000088c00000, 0x0000000088d00000, 0x0000000088d00000|100%| E|CS|TAMS 0x0000000088c00000, 0x0000000088c00000| Complete 
| 141|0x0000000088d00000, 0x0000000088e00000, 0x0000000088e00000|100%| E|CS|TAMS 0x0000000088d00000, 0x0000000088d00000| Complete 
| 142|0x0000000088e00000, 0x0000000088f00000, 0x0000000088f00000|100%| E|CS|TAMS 0x0000000088e00000, 0x0000000088e00000| Complete 
| 143|0x0000000088f00000, 0x0000000089000000, 0x0000000089000000|100%| E|CS|TAMS 0x0000000088f00000, 0x0000000088f00000| Complete 
| 144|0x0000000089000000, 0x0000000089100000, 0x0000000089100000|100%| E|CS|TAMS 0x0000000089000000, 0x0000000089000000| Complete 
| 145|0x0000000089100000, 0x0000000089200000, 0x0000000089200000|100%| E|CS|TAMS 0x0000000089100000, 0x0000000089100000| Complete 
| 146|0x0000000089200000, 0x0000000089300000, 0x0000000089300000|100%| E|CS|TAMS 0x0000000089200000, 0x0000000089200000| Complete 
| 147|0x0000000089300000, 0x0000000089400000, 0x0000000089400000|100%| E|CS|TAMS 0x0000000089300000, 0x0000000089300000| Complete 
| 148|0x0000000089400000, 0x0000000089500000, 0x0000000089500000|100%| E|CS|TAMS 0x0000000089400000, 0x0000000089400000| Complete 
| 149|0x0000000089500000, 0x0000000089600000, 0x0000000089600000|100%| E|CS|TAMS 0x0000000089500000, 0x0000000089500000| Complete 
| 150|0x0000000089600000, 0x0000000089700000, 0x0000000089700000|100%| E|CS|TAMS 0x0000000089600000, 0x0000000089600000| Complete 
| 151|0x0000000089700000, 0x0000000089800000, 0x0000000089800000|100%| E|CS|TAMS 0x0000000089700000, 0x0000000089700000| Complete 
| 152|0x0000000089800000, 0x0000000089900000, 0x0000000089900000|100%| E|CS|TAMS 0x0000000089800000, 0x0000000089800000| Complete 
| 153|0x0000000089900000, 0x0000000089a00000, 0x0000000089a00000|100%| E|CS|TAMS 0x0000000089900000, 0x0000000089900000| Complete 
| 154|0x0000000089a00000, 0x0000000089a4fcc0, 0x0000000089b00000| 31%| S|CS|TAMS 0x0000000089a00000, 0x0000000089a00000| Complete 
| 155|0x0000000089b00000, 0x0000000089c00000, 0x0000000089c00000|100%| E|CS|TAMS 0x0000000089b00000, 0x0000000089b00000| Complete 
| 156|0x0000000089c00000, 0x0000000089d00000, 0x0000000089d00000|100%| E|CS|TAMS 0x0000000089c00000, 0x0000000089c00000| Complete 
| 157|0x0000000089d00000, 0x0000000089e00000, 0x0000000089e00000|100%| E|CS|TAMS 0x0000000089d00000, 0x0000000089d00000| Complete 
| 158|0x0000000089e00000, 0x0000000089f00000, 0x0000000089f00000|100%| E|CS|TAMS 0x0000000089e00000, 0x0000000089e00000| Complete 
| 159|0x0000000089f00000, 0x000000008a000000, 0x000000008a000000|100%| E|CS|TAMS 0x0000000089f00000, 0x0000000089f00000| Complete 
| 160|0x000000008a000000, 0x000000008a100000, 0x000000008a100000|100%| E|CS|TAMS 0x000000008a000000, 0x000000008a000000| Complete 
| 161|0x000000008a100000, 0x000000008a200000, 0x000000008a200000|100%| E|CS|TAMS 0x000000008a100000, 0x000000008a100000| Complete 
| 162|0x000000008a200000, 0x000000008a300000, 0x000000008a300000|100%| E|CS|TAMS 0x000000008a200000, 0x000000008a200000| Complete 
| 163|0x000000008a300000, 0x000000008a400000, 0x000000008a400000|100%| E|CS|TAMS 0x000000008a300000, 0x000000008a300000| Complete 
| 164|0x000000008a400000, 0x000000008a500000, 0x000000008a500000|100%| E|CS|TAMS 0x000000008a400000, 0x000000008a400000| Complete 
| 165|0x000000008a500000, 0x000000008a600000, 0x000000008a600000|100%| E|CS|TAMS 0x000000008a500000, 0x000000008a500000| Complete 
| 166|0x000000008a600000, 0x000000008a700000, 0x000000008a700000|100%| E|CS|TAMS 0x000000008a600000, 0x000000008a600000| Complete 
| 167|0x000000008a700000, 0x000000008a800000, 0x000000008a800000|100%| E|CS|TAMS 0x000000008a700000, 0x000000008a700000| Complete 
| 168|0x000000008a800000, 0x000000008a900000, 0x000000008a900000|100%| E|CS|TAMS 0x000000008a800000, 0x000000008a800000| Complete 
| 169|0x000000008a900000, 0x000000008aa00000, 0x000000008aa00000|100%| E|CS|TAMS 0x000000008a900000, 0x000000008a900000| Complete 
| 170|0x000000008aa00000, 0x000000008ab00000, 0x000000008ab00000|100%| E|CS|TAMS 0x000000008aa00000, 0x000000008aa00000| Complete 
| 171|0x000000008ab00000, 0x000000008ac00000, 0x000000008ac00000|100%| E|CS|TAMS 0x000000008ab00000, 0x000000008ab00000| Complete 
| 172|0x000000008ac00000, 0x000000008ad00000, 0x000000008ad00000|100%| E|CS|TAMS 0x000000008ac00000, 0x000000008ac00000| Complete 
| 173|0x000000008ad00000, 0x000000008ae00000, 0x000000008ae00000|100%| E|CS|TAMS 0x000000008ad00000, 0x000000008ad00000| Complete 
| 174|0x000000008ae00000, 0x000000008af00000, 0x000000008af00000|100%| E|CS|TAMS 0x000000008ae00000, 0x000000008ae00000| Complete 
| 251|0x000000008fb00000, 0x000000008fc00000, 0x000000008fc00000|100%| E|CS|TAMS 0x000000008fb00000, 0x000000008fb00000| Complete 

Card table byte_map: [0x00000193972d0000,0x00000193976d0000] _byte_map_base: 0x0000019396ed0000

Marking Bits (Prev, Next): (CMBitMap*) 0x00000193ffb03520, (CMBitMap*) 0x00000193ffb034e0
 Prev Bits: [0x0000019399ad0000, 0x000001939bad0000)
 Next Bits: [0x0000019397ad0000, 0x0000019399ad0000)

Polling page: 0x00000193fe2a0000

Metaspace:

Usage:
  Non-class:     59.37 MB used.
      Class:      9.41 MB used.
       Both:     68.79 MB used.

Virtual space:
  Non-class space:       64.00 MB reserved,      60.19 MB ( 94%) committed,  1 nodes.
      Class space:        1.00 GB reserved,      10.25 MB (  1%) committed,  1 nodes.
             Both:        1.06 GB reserved,      70.44 MB (  6%) committed. 

Chunk freelists:
   Non-Class:  3.23 MB
       Class:  1.56 MB
        Both:  4.78 MB

MaxMetaspaceSize: unlimited
CompressedClassSpaceSize: 1.00 GB
Initial GC threshold: 21.00 MB
Current GC threshold: 100.12 MB
CDS: on
MetaspaceReclaimPolicy: balanced
 - commit_granule_bytes: 65536.
 - commit_granule_words: 8192.
 - virtual_space_node_default_size: 8388608.
 - enlarge_chunks_in_place: 1.
 - new_chunks_are_fully_committed: 0.
 - uncommit_free_chunks: 1.
 - use_allocation_guard: 0.


Internal statistics:

num_allocs_failed_limit: 6.
num_arena_births: 3048.
num_arena_deaths: 0.
num_vsnodes_births: 2.
num_vsnodes_deaths: 0.
num_space_committed: 1129.
num_space_uncommitted: 0.
num_chunks_returned_to_freelist: 6.
num_chunks_taken_from_freelist: 6133.
num_chunk_merges: 6.
num_chunk_splits: 4056.
num_chunks_enlarged: 2581.
num_inconsistent_stats: 0.

CodeHeap 'non-profiled nmethods': size=120000Kb used=4263Kb max_used=4263Kb free=115736Kb
 bounds [0x000001938f340000, 0x000001938f770000, 0x0000019396870000]
CodeHeap 'profiled nmethods': size=120000Kb used=14445Kb max_used=14445Kb free=105555Kb
 bounds [0x0000019387e10000, 0x0000019388c30000, 0x000001938f340000]
CodeHeap 'non-nmethods': size=5760Kb used=2388Kb max_used=2438Kb free=3371Kb
 bounds [0x0000019387870000, 0x0000019387ae0000, 0x0000019387e10000]
 total_blobs=8208 nmethods=7314 adapters=806
 compilation: enabled
              stopped_count=0, restarted_count=0
 full_count=0

Compilation events (20 events):
Event: 8.863 Thread 0x000001939e57bd70 nmethod 8136 0x0000019388c12b90 code [0x0000019388c12e20, 0x0000019388c13b58]
Event: 8.866 Thread 0x000001939e57bd70 8138       3       org.gradle.internal.instantiation.generator.ManagedObjectFactory::getObjectFactory (15 bytes)
Event: 8.866 Thread 0x000001939e57bd70 nmethod 8138 0x0000019388c14010 code [0x0000019388c141c0, 0x0000019388c144a8]
Event: 8.866 Thread 0x000001939e57bd70 8139       3       org.gradle.util.internal.DeferredUtil::isNestableDeferred (20 bytes)
Event: 8.866 Thread 0x000001939e57bd70 nmethod 8139 0x0000019388c14590 code [0x0000019388c14740, 0x0000019388c14b58]
Event: 8.867 Thread 0x000001939e571b70 nmethod 8127 0x000001938f763910 code [0x000001938f763ac0, 0x000001938f7646f8]
Event: 8.867 Thread 0x000001939e571b70 8125       4       org.gradle.internal.instantiation.generator.AbstractClassGenerator::isNameProperty (44 bytes)
Event: 8.868 Thread 0x000001939e57bd70 8140       3       org.objectweb.asm.ClassVisitor::<init> (94 bytes)
Event: 8.868 Thread 0x000001939e57bd70 nmethod 8140 0x0000019388c14c10 code [0x0000019388c14e60, 0x0000019388c15788]
Event: 8.873 Thread 0x000001939e571b70 nmethod 8125 0x000001938f764b10 code [0x000001938f764ca0, 0x000001938f764ef8]
Event: 8.873 Thread 0x000001939e571b70 8124       4       sun.reflect.generics.tree.ClassTypeSignature::make (9 bytes)
Event: 8.873 Thread 0x000001939e571b70 nmethod 8124 0x000001938f765110 code [0x000001938f765280, 0x000001938f765338]
Event: 8.873 Thread 0x000001939e571b70 8137       4       sun.reflect.generics.parser.SignatureParser::parseTypeSignature (130 bytes)
Event: 8.874 Thread 0x000001939e57bd70 8141       3       org.gradle.api.internal.provider.DefaultProperty::calculateValueFrom (10 bytes)
Event: 8.874 Thread 0x000001939e57bd70 nmethod 8141 0x0000019388c15a90 code [0x0000019388c15c40, 0x0000019388c16008]
Event: 8.874 Thread 0x000001939e57bd70 8142       3       org.gradle.api.internal.provider.DefaultProperty::calculateValueFrom (8 bytes)
Event: 8.874 Thread 0x000001939e57bd70 nmethod 8142 0x0000019388c16110 code [0x0000019388c162c0, 0x0000019388c164a8]
Event: 8.874 Thread 0x000001939e57bd70 8143       3       org.gradle.cache.Cache$$Lambda$65/0x0000000800ced3d0::apply (9 bytes)
Event: 8.874 Thread 0x000001939e57bd70 nmethod 8143 0x0000019388c16590 code [0x0000019388c16740, 0x0000019388c16968]
Event: 8.876 Thread 0x000001939e571b70 nmethod 8137 0x000001938f765410 code [0x000001938f7655c0, 0x000001938f7657a8]

GC Heap History (20 events):
Event: 6.093 GC heap before
{Heap before GC invocations=11 (full 0):
 garbage-first heap   total 95232K, used 75792K [0x0000000080000000, 0x0000000100000000)
  region size 1024K, 41 young (41984K), 5 survivors (5120K)
 Metaspace       used 44442K, committed 45888K, reserved 1114112K
  class space    used 6111K, committed 6848K, reserved 1048576K
}
Event: 6.098 GC heap after
{Heap after GC invocations=12 (full 0):
 garbage-first heap   total 95232K, used 46453K [0x0000000080000000, 0x0000000100000000)
  region size 1024K, 6 young (6144K), 6 survivors (6144K)
 Metaspace       used 44442K, committed 45888K, reserved 1114112K
  class space    used 6111K, committed 6848K, reserved 1048576K
}
Event: 6.509 GC heap before
{Heap before GC invocations=12 (full 0):
 garbage-first heap   total 95232K, used 74101K [0x0000000080000000, 0x0000000100000000)
  region size 1024K, 33 young (33792K), 6 survivors (6144K)
 Metaspace       used 49474K, committed 50944K, reserved 1114112K
  class space    used 6673K, committed 7424K, reserved 1048576K
}
Event: 6.511 GC heap after
{Heap after GC invocations=13 (full 0):
 garbage-first heap   total 95232K, used 47865K [0x0000000080000000, 0x0000000100000000)
  region size 1024K, 2 young (2048K), 2 survivors (2048K)
 Metaspace       used 49474K, committed 50944K, reserved 1114112K
  class space    used 6673K, committed 7424K, reserved 1048576K
}
Event: 6.875 GC heap before
{Heap before GC invocations=13 (full 0):
 garbage-first heap   total 95232K, used 73465K [0x0000000080000000, 0x0000000100000000)
  region size 1024K, 28 young (28672K), 2 survivors (2048K)
 Metaspace       used 53850K, committed 55424K, reserved 1114112K
  class space    used 7232K, committed 8064K, reserved 1048576K
}
Event: 6.879 GC heap after
{Heap after GC invocations=14 (full 0):
 garbage-first heap   total 95232K, used 52797K [0x0000000080000000, 0x0000000100000000)
  region size 1024K, 4 young (4096K), 4 survivors (4096K)
 Metaspace       used 53850K, committed 55424K, reserved 1114112K
  class space    used 7232K, committed 8064K, reserved 1048576K
}
Event: 7.179 GC heap before
{Heap before GC invocations=15 (full 0):
 garbage-first heap   total 95232K, used 73277K [0x0000000080000000, 0x0000000100000000)
  region size 1024K, 25 young (25600K), 4 survivors (4096K)
 Metaspace       used 55949K, committed 57536K, reserved 1114112K
  class space    used 7491K, committed 8320K, reserved 1048576K
}
Event: 7.182 GC heap after
{Heap after GC invocations=16 (full 0):
 garbage-first heap   total 95232K, used 54556K [0x0000000080000000, 0x0000000100000000)
  region size 1024K, 3 young (3072K), 3 survivors (3072K)
 Metaspace       used 55949K, committed 57536K, reserved 1114112K
  class space    used 7491K, committed 8320K, reserved 1048576K
}
Event: 7.301 GC heap before
{Heap before GC invocations=16 (full 0):
 garbage-first heap   total 95232K, used 67868K [0x0000000080000000, 0x0000000100000000)
  region size 1024K, 17 young (17408K), 3 survivors (3072K)
 Metaspace       used 57168K, committed 58816K, reserved 1114112K
  class space    used 7620K, committed 8448K, reserved 1048576K
}
Event: 7.304 GC heap after
{Heap after GC invocations=17 (full 0):
 garbage-first heap   total 95232K, used 56058K [0x0000000080000000, 0x0000000100000000)
  region size 1024K, 2 young (2048K), 2 survivors (2048K)
 Metaspace       used 57168K, committed 58816K, reserved 1114112K
  class space    used 7620K, committed 8448K, reserved 1048576K
}
Event: 7.484 GC heap before
{Heap before GC invocations=18 (full 0):
 garbage-first heap   total 102400K, used 77562K [0x0000000080000000, 0x0000000100000000)
  region size 1024K, 22 young (22528K), 2 survivors (2048K)
 Metaspace       used 57989K, committed 59584K, reserved 1114112K
  class space    used 7751K, committed 8576K, reserved 1048576K
}
Event: 7.486 GC heap after
{Heap after GC invocations=19 (full 0):
 garbage-first heap   total 102400K, used 56945K [0x0000000080000000, 0x0000000100000000)
  region size 1024K, 3 young (3072K), 3 survivors (3072K)
 Metaspace       used 57989K, committed 59584K, reserved 1114112K
  class space    used 7751K, committed 8576K, reserved 1048576K
}
Event: 7.496 GC heap before
{Heap before GC invocations=19 (full 0):
 garbage-first heap   total 102400K, used 58993K [0x0000000080000000, 0x0000000100000000)
  region size 1024K, 5 young (5120K), 3 survivors (3072K)
 Metaspace       used 57993K, committed 59584K, reserved 1114112K
  class space    used 7751K, committed 8576K, reserved 1048576K
}
Event: 7.498 GC heap after
{Heap after GC invocations=20 (full 0):
 garbage-first heap   total 102400K, used 57464K [0x0000000080000000, 0x0000000100000000)
  region size 1024K, 1 young (1024K), 1 survivors (1024K)
 Metaspace       used 57993K, committed 59584K, reserved 1114112K
  class space    used 7751K, committed 8576K, reserved 1048576K
}
Event: 7.658 GC heap before
{Heap before GC invocations=20 (full 0):
 garbage-first heap   total 102400K, used 81016K [0x0000000080000000, 0x0000000100000000)
  region size 1024K, 25 young (25600K), 1 survivors (1024K)
 Metaspace       used 59460K, committed 61120K, reserved 1114112K
  class space    used 7944K, committed 8768K, reserved 1048576K
}
Event: 7.660 GC heap after
{Heap after GC invocations=21 (full 0):
 garbage-first heap   total 102400K, used 59910K [0x0000000080000000, 0x0000000100000000)
  region size 1024K, 3 young (3072K), 3 survivors (3072K)
 Metaspace       used 59460K, committed 61120K, reserved 1114112K
  class space    used 7944K, committed 8768K, reserved 1048576K
}
Event: 7.970 GC heap before
{Heap before GC invocations=22 (full 0):
 garbage-first heap   total 107520K, used 82438K [0x0000000080000000, 0x0000000100000000)
  region size 1024K, 25 young (25600K), 3 survivors (3072K)
 Metaspace       used 62520K, committed 64192K, reserved 1114112K
  class space    used 8516K, committed 9344K, reserved 1048576K
}
Event: 7.973 GC heap after
{Heap after GC invocations=23 (full 0):
 garbage-first heap   total 107520K, used 61238K [0x0000000080000000, 0x0000000100000000)
  region size 1024K, 2 young (2048K), 2 survivors (2048K)
 Metaspace       used 62520K, committed 64192K, reserved 1114112K
  class space    used 8516K, committed 9344K, reserved 1048576K
}
Event: 8.010 GC heap before
{Heap before GC invocations=23 (full 0):
 garbage-first heap   total 107520K, used 64310K [0x0000000080000000, 0x0000000100000000)
  region size 1024K, 5 young (5120K), 2 survivors (2048K)
 Metaspace       used 62959K, committed 64704K, reserved 1114112K
  class space    used 8593K, committed 9472K, reserved 1048576K
}
Event: 8.012 GC heap after
{Heap after GC invocations=24 (full 0):
 garbage-first heap   total 180224K, used 60634K [0x0000000080000000, 0x0000000100000000)
  region size 1024K, 1 young (1024K), 1 survivors (1024K)
 Metaspace       used 62959K, committed 64704K, reserved 1114112K
  class space    used 8593K, committed 9472K, reserved 1048576K
}

Deoptimization events (20 events):
Event: 8.777 Thread 0x00000193a3dc0840 Uncommon trap: trap_request=0xffffff45 fr.pc=0x000001938f65b1fc relative=0x000000000000059c
Event: 8.777 Thread 0x00000193a3dc0840 Uncommon trap: reason=unstable_if action=reinterpret pc=0x000001938f65b1fc method=java.util.regex.Matcher.find()Z @ 10 c2
Event: 8.777 Thread 0x00000193a3dc0840 DEOPT PACKING pc=0x000001938f65b1fc sp=0x0000004bf28f8fd0
Event: 8.777 Thread 0x00000193a3dc0840 DEOPT UNPACKING pc=0x00000193878c5c23 sp=0x0000004bf28f8fb0 mode 2
Event: 8.787 Thread 0x00000193a3dc0840 Uncommon trap: trap_request=0xffffff45 fr.pc=0x000001938f3ccefc relative=0x00000000000002bc
Event: 8.787 Thread 0x00000193a3dc0840 Uncommon trap: reason=unstable_if action=reinterpret pc=0x000001938f3ccefc method=java.lang.CharacterDataLatin1.digit(II)I @ 12 c2
Event: 8.787 Thread 0x00000193a3dc0840 DEOPT PACKING pc=0x000001938f3ccefc sp=0x0000004bf28f93d0
Event: 8.787 Thread 0x00000193a3dc0840 DEOPT UNPACKING pc=0x00000193878c5c23 sp=0x0000004bf28f91f0 mode 2
Event: 8.808 Thread 0x00000193a3dc0840 Uncommon trap: trap_request=0xffffff45 fr.pc=0x000001938f3cea48 relative=0x00000000000000a8
Event: 8.808 Thread 0x00000193a3dc0840 Uncommon trap: reason=unstable_if action=reinterpret pc=0x000001938f3cea48 method=java.lang.CharacterDataLatin1.digit(II)I @ 12 c2
Event: 8.808 Thread 0x00000193a3dc0840 DEOPT PACKING pc=0x000001938f3cea48 sp=0x0000004bf28f92b0
Event: 8.809 Thread 0x00000193a3dc0840 DEOPT UNPACKING pc=0x00000193878c5c23 sp=0x0000004bf28f9228 mode 2
Event: 8.816 Thread 0x00000193a3dc0840 Uncommon trap: trap_request=0xffffff45 fr.pc=0x000001938f67fd68 relative=0x00000000000002e8
Event: 8.816 Thread 0x00000193a3dc0840 Uncommon trap: reason=unstable_if action=reinterpret pc=0x000001938f67fd68 method=com.google.gson.stream.JsonReader.doPeek()I @ 525 c2
Event: 8.816 Thread 0x00000193a3dc0840 DEOPT PACKING pc=0x000001938f67fd68 sp=0x0000004bf28f9780
Event: 8.816 Thread 0x00000193a3dc0840 DEOPT UNPACKING pc=0x00000193878c5c23 sp=0x0000004bf28f9700 mode 2
Event: 8.844 Thread 0x00000193a3dc0840 DEOPT PACKING pc=0x00000193888b0273 sp=0x0000004bf28f9300
Event: 8.844 Thread 0x00000193a3dc0840 DEOPT UNPACKING pc=0x00000193878c6763 sp=0x0000004bf28f88d8 mode 0
Event: 8.875 Thread 0x00000193a3dc0840 DEOPT PACKING pc=0x00000193888b01d6 sp=0x0000004bf28f7970
Event: 8.875 Thread 0x00000193a3dc0840 DEOPT UNPACKING pc=0x00000193878c6763 sp=0x0000004bf28f6f20 mode 0

Classes loaded (20 events):
Event: 8.772 Loading class com/sun/org/apache/xerces/internal/impl/Constants
Event: 8.773 Loading class com/sun/org/apache/xerces/internal/impl/Constants done
Event: 8.773 Loading class com/sun/org/apache/xerces/internal/impl/Constants$ArrayEnumeration
Event: 8.773 Loading class com/sun/org/apache/xerces/internal/impl/Constants$ArrayEnumeration done
Event: 8.774 Loading class org/xml/sax/helpers/AttributesImpl
Event: 8.774 Loading class org/xml/sax/helpers/AttributesImpl done
Event: 8.775 Loading class java/util/regex/Pattern$Behind
Event: 8.775 Loading class java/util/regex/Pattern$Behind done
Event: 8.787 Loading class javax/xml/datatype/DatatypeConfigurationException
Event: 8.787 Loading class javax/xml/datatype/DatatypeConfigurationException done
Event: 8.790 Loading class com/sun/org/apache/xerces/internal/impl/io/MalformedByteSequenceException
Event: 8.790 Loading class com/sun/org/apache/xerces/internal/impl/io/MalformedByteSequenceException done
Event: 8.798 Loading class java/util/EnumMap$EntrySet
Event: 8.798 Loading class java/util/EnumMap$EntrySet done
Event: 8.798 Loading class java/util/EnumMap$EntryIterator
Event: 8.798 Loading class java/util/EnumMap$EnumMapIterator
Event: 8.798 Loading class java/util/EnumMap$EnumMapIterator done
Event: 8.798 Loading class java/util/EnumMap$EntryIterator done
Event: 8.798 Loading class java/util/EnumMap$EntryIterator$Entry
Event: 8.798 Loading class java/util/EnumMap$EntryIterator$Entry done

Classes unloaded (0 events):
No events

Classes redefined (0 events):
No events

Internal exceptions (20 events):
Event: 7.563 Thread 0x00000193a3dc0840 Exception <a 'java/lang/ClassNotFoundException'{0x000000008551ece8}: org/gradle/api/internal/artifacts/dsl/dependencies/DefaultDependencyHandlerCustomizer> (0x000000008551ece8) 
thrown [s\open\src\hotspot\share\classfile\systemDictionary.cpp, line 255]
Event: 7.565 Thread 0x00000193a3dc0840 Exception <a 'java/lang/ClassNotFoundException'{0x0000000085555a38}: org/gradle/api/internal/artifacts/dsl/dependencies/DefaultDependencyHandler_DecoratedCustomizer> (0x0000000085555a38) 
thrown [s\open\src\hotspot\share\classfile\systemDictionary.cpp, line 255]
Event: 8.122 Thread 0x00000193a3dc0840 Exception <a 'java/lang/ClassNotFoundException'{0x000000008a5da658}: com/android/build/gradle/internal/api/ApkVariantOutputImpl_DecoratedBeanInfo> (0x000000008a5da658) 
thrown [s\open\src\hotspot\share\classfile\systemDictionary.cpp, line 255]
Event: 8.123 Thread 0x00000193a3dc0840 Exception <a 'java/lang/ClassNotFoundException'{0x000000008a5e4cb8}: com/android/build/gradle/internal/api/ApkVariantOutputImplBeanInfo> (0x000000008a5e4cb8) 
thrown [s\open\src\hotspot\share\classfile\systemDictionary.cpp, line 255]
Event: 8.123 Thread 0x00000193a3dc0840 Exception <a 'java/lang/ClassNotFoundException'{0x000000008a5ef078}: com/android/build/gradle/internal/api/BaseVariantOutputImplBeanInfo> (0x000000008a5ef078) 
thrown [s\open\src\hotspot\share\classfile\systemDictionary.cpp, line 255]
Event: 8.123 Thread 0x00000193a3dc0840 Exception <a 'java/lang/ClassNotFoundException'{0x000000008a5f96d0}: com/android/build/gradle/internal/api/BaseVariantOutputImplCustomizer> (0x000000008a5f96d0) 
thrown [s\open\src\hotspot\share\classfile\systemDictionary.cpp, line 255]
Event: 8.124 Thread 0x00000193a3dc0840 Exception <a 'java/lang/ClassNotFoundException'{0x000000008a4170a8}: com/android/build/gradle/internal/api/ApkVariantOutputImplCustomizer> (0x000000008a4170a8) 
thrown [s\open\src\hotspot\share\classfile\systemDictionary.cpp, line 255]
Event: 8.125 Thread 0x00000193a3dc0840 Exception <a 'java/lang/ClassNotFoundException'{0x000000008a42f550}: com/android/build/gradle/internal/api/ApkVariantOutputImpl_DecoratedCustomizer> (0x000000008a42f550) 
thrown [s\open\src\hotspot\share\classfile\systemDictionary.cpp, line 255]
Event: 8.142 Thread 0x00000193a3dc0840 Exception <a 'java/lang/NoClassDefFoundError'{0x000000008a36a390}: org/jetbrains/kotlin/gradle/plugin/KotlinBasePluginWrapper> (0x000000008a36a390) 
thrown [s\open\src\hotspot\share\classfile\systemDictionary.cpp, line 244]
Event: 8.189 Thread 0x00000193a3dc0840 Implicit null exception at 0x000001938f619292 to 0x000001938f6197d4
Event: 8.189 Thread 0x00000193a3dc0840 Implicit null exception at 0x000001938f61aa14 to 0x000001938f61af88
Event: 8.365 Thread 0x00000193a3dc0840 Exception <a 'java/lang/NoSuchMethodError'{0x00000000893b79c0}: 'java.lang.Object java.lang.invoke.DirectMethodHandle$Holder.newInvokeSpecial(java.lang.Object, java.lang.Object, java.lang.Object, java.lang.Object, java.lang.Object, java.lang.Object, java.lang.Object, java.lang.Object, java.lang.Object, java.lang.Object, java.lang.Object, java.lang.Object, java.lang.Object, java.lang.Object)'> (0x00000000893b79c0) 
thrown [s\open\src\hotspot\share\interpreter\linkResolver.cpp, line 766]
Event: 8.430 Thread 0x00000193a3dc0840 Exception <a 'sun/nio/fs/WindowsException'{0x0000000088ef7950}> (0x0000000088ef7950) 
thrown [s\open\src\hotspot\share\prims\jni.cpp, line 516]
Event: 8.430 Thread 0x00000193a3dc0840 Exception <a 'sun/nio/fs/WindowsException'{0x0000000088ef7e60}> (0x0000000088ef7e60) 
thrown [s\open\src\hotspot\share\prims\jni.cpp, line 516]
Event: 8.545 Thread 0x00000193a3dc0840 Exception <a 'java/lang/NullPointerException'{0x00000000887eac40}> (0x00000000887eac40) 
thrown [s\open\src\hotspot\share\interpreter\linkResolver.cpp, line 1440]
Event: 8.730 Thread 0x00000193a3dc0840 Exception <a 'java/lang/NoSuchMethodError'{0x0000000087a80de8}: 'java.lang.Object java.lang.invoke.DirectMethodHandle$Holder.newInvokeSpecial(java.lang.Object, java.lang.Object, int)'> (0x0000000087a80de8) 
thrown [s\open\src\hotspot\share\interpreter\linkResolver.cpp, line 766]
Event: 8.797 Thread 0x00000193a3dc0840 Exception <a 'sun/nio/fs/WindowsException'{0x000000008799c378}> (0x000000008799c378) 
thrown [s\open\src\hotspot\share\prims\jni.cpp, line 516]
Event: 8.797 Thread 0x00000193a3dc0840 Exception <a 'sun/nio/fs/WindowsException'{0x000000008799da00}> (0x000000008799da00) 
thrown [s\open\src\hotspot\share\prims\jni.cpp, line 516]
Event: 8.797 Thread 0x00000193a3dc0840 Exception <a 'sun/nio/fs/WindowsException'{0x000000008799edc8}> (0x000000008799edc8) 
thrown [s\open\src\hotspot\share\prims\jni.cpp, line 516]
Event: 8.797 Thread 0x00000193a3dc0840 Exception <a 'sun/nio/fs/WindowsException'{0x00000000879a0190}> (0x00000000879a0190) 
thrown [s\open\src\hotspot\share\prims\jni.cpp, line 516]

VM Operations (20 events):
Event: 7.658 Executing VM operation: G1CollectForAllocation
Event: 7.660 Executing VM operation: G1CollectForAllocation done
Event: 7.707 Executing VM operation: G1Concurrent
Event: 7.711 Executing VM operation: G1Concurrent done
Event: 7.734 Executing VM operation: G1Concurrent
Event: 7.734 Executing VM operation: G1Concurrent done
Event: 7.970 Executing VM operation: G1CollectForAllocation
Event: 7.973 Executing VM operation: G1CollectForAllocation done
Event: 7.982 Executing VM operation: HandshakeAllThreads
Event: 7.982 Executing VM operation: HandshakeAllThreads done
Event: 8.010 Executing VM operation: G1CollectForAllocation
Event: 8.012 Executing VM operation: G1CollectForAllocation done
Event: 8.409 Executing VM operation: ICBufferFull
Event: 8.409 Executing VM operation: ICBufferFull done
Event: 8.499 Executing VM operation: HandshakeAllThreads
Event: 8.499 Executing VM operation: HandshakeAllThreads done
Event: 8.607 Executing VM operation: HandshakeAllThreads
Event: 8.607 Executing VM operation: HandshakeAllThreads done
Event: 8.814 Executing VM operation: HandshakeAllThreads
Event: 8.814 Executing VM operation: HandshakeAllThreads done

Events (20 events):
Event: 5.435 Thread 0x000001939e581e30 flushing nmethod 0x0000019388710e10
Event: 5.436 Thread 0x000001939e581e30 flushing nmethod 0x000001938872aa10
Event: 5.436 Thread 0x000001939e581e30 flushing nmethod 0x00000193887caf10
Event: 5.436 Thread 0x000001939e581e30 flushing nmethod 0x00000193887cdc10
Event: 5.436 Thread 0x000001939e581e30 flushing nmethod 0x00000193887dde10
Event: 5.436 Thread 0x000001939e581e30 flushing nmethod 0x00000193887f3890
Event: 5.436 Thread 0x000001939e581e30 flushing nmethod 0x00000193887f3c10
Event: 5.457 Thread 0x00000193a7ed65b0 Thread added: 0x00000193a7ed65b0
Event: 5.457 Thread 0x00000193a7ed78f0 Thread added: 0x00000193a7ed78f0
Event: 5.457 Thread 0x00000193a7ed2250 Thread added: 0x00000193a7ed2250
Event: 5.458 Thread 0x00000193a7ed0f10 Thread added: 0x00000193a7ed0f10
Event: 5.458 Thread 0x00000193a7ed6a80 Thread added: 0x00000193a7ed6a80
Event: 6.413 Thread 0x00000193a2a52320 Thread exited: 0x00000193a2a52320
Event: 6.468 Thread 0x00000193a2a51e10 Thread exited: 0x00000193a2a51e10
Event: 6.520 Thread 0x00000193a2a550b0 Thread added: 0x00000193a2a550b0
Event: 6.719 Thread 0x00000193a7ed13e0 Thread added: 0x00000193a7ed13e0
Event: 6.926 Thread 0x00000193a2a53250 Thread added: 0x00000193a2a53250
Event: 7.592 Thread 0x000001939e581e30 flushing nmethod 0x0000019387eb3c10
Event: 7.595 Thread 0x000001939e581e30 flushing nmethod 0x0000019388750790
Event: 7.595 Thread 0x000001939e581e30 flushing nmethod 0x00000193887aa990


Dynamic libraries:
0x00007ff795040000 - 0x00007ff795050000 	C:\Program Files\Java\jdk-18.0.1.1\bin\java.exe
0x00007ff96e7f0000 - 0x00007ff96e9e5000 	C:\windows\SYSTEM32\ntdll.dll
0x00007ff96d380000 - 0x00007ff96d43d000 	C:\windows\System32\KERNEL32.DLL
0x00007ff96c1f0000 - 0x00007ff96c4bd000 	C:\windows\System32\KERNELBASE.dll
0x00007ff96c0a0000 - 0x00007ff96c1a0000 	C:\windows\System32\ucrtbase.dll
0x00007ff93db60000 - 0x00007ff93db7a000 	C:\Program Files\Java\jdk-18.0.1.1\bin\VCRUNTIME140.dll
0x00007ff93d360000 - 0x00007ff93d378000 	C:\Program Files\Java\jdk-18.0.1.1\bin\jli.dll
0x00007ff96d4a0000 - 0x00007ff96d54e000 	C:\windows\System32\ADVAPI32.dll
0x00007ff96d1f0000 - 0x00007ff96d28e000 	C:\windows\System32\msvcrt.dll
0x00007ff96d670000 - 0x00007ff96d70c000 	C:\windows\System32\sechost.dll
0x00007ff96d870000 - 0x00007ff96d995000 	C:\windows\System32\RPCRT4.dll
0x00007ff96e220000 - 0x00007ff96e3c0000 	C:\windows\System32\USER32.dll
0x00007ff96bf00000 - 0x00007ff96bf22000 	C:\windows\System32\win32u.dll
0x00007ff96d1b0000 - 0x00007ff96d1da000 	C:\windows\System32\GDI32.dll
0x00007ff955d00000 - 0x00007ff955f9a000 	C:\windows\WinSxS\amd64_microsoft.windows.common-controls_6595b64144ccf1df_6.0.19041.1110_none_60b5254171f9507e\COMCTL32.dll
0x00007ff96c530000 - 0x00007ff96c63b000 	C:\windows\System32\gdi32full.dll
0x00007ff96c7a0000 - 0x00007ff96c83d000 	C:\windows\System32\msvcp_win.dll
0x00007ff963ce0000 - 0x00007ff963cea000 	C:\windows\SYSTEM32\VERSION.dll
0x00007ff96e420000 - 0x00007ff96e450000 	C:\windows\System32\IMM32.DLL
0x00007ff9637f0000 - 0x00007ff9637fc000 	C:\Program Files\Java\jdk-18.0.1.1\bin\vcruntime140_1.dll
0x00007ff91b530000 - 0x00007ff91b5bd000 	C:\Program Files\Java\jdk-18.0.1.1\bin\msvcp140.dll
0x00007ff8a5fe0000 - 0x00007ff8a6bf0000 	C:\Program Files\Java\jdk-18.0.1.1\bin\server\jvm.dll
0x00007ff96c910000 - 0x00007ff96c918000 	C:\windows\System32\PSAPI.DLL
0x00007ff94fed0000 - 0x00007ff94fef7000 	C:\windows\SYSTEM32\WINMM.dll
0x00007ff965dc0000 - 0x00007ff965dc9000 	C:\windows\SYSTEM32\WSOCK32.dll
0x00007ff96d310000 - 0x00007ff96d37b000 	C:\windows\System32\WS2_32.dll
0x00007ff96acf0000 - 0x00007ff96ad02000 	C:\windows\SYSTEM32\kernel.appcore.dll
0x00007ff963360000 - 0x00007ff96336a000 	C:\Program Files\Java\jdk-18.0.1.1\bin\jimage.dll
0x00007ff96a420000 - 0x00007ff96a604000 	C:\windows\SYSTEM32\DBGHELP.DLL
0x00007ff9507f0000 - 0x00007ff95081c000 	C:\windows\SYSTEM32\dbgcore.DLL
0x00007ff96c010000 - 0x00007ff96c092000 	C:\windows\System32\bcryptPrimitives.dll
0x00007ff9339f0000 - 0x00007ff933a15000 	C:\Program Files\Java\jdk-18.0.1.1\bin\java.dll
0x00007ff91ab30000 - 0x00007ff91ac06000 	C:\Program Files\Java\jdk-18.0.1.1\bin\jsvml.dll
0x00007ff96c920000 - 0x00007ff96d064000 	C:\windows\System32\SHELL32.dll
0x00007ff969b60000 - 0x00007ff96a2f4000 	C:\windows\SYSTEM32\windows.storage.dll
0x00007ff96e450000 - 0x00007ff96e7a4000 	C:\windows\System32\combase.dll
0x00007ff96b960000 - 0x00007ff96b98c000 	C:\windows\SYSTEM32\Wldp.dll
0x00007ff96d070000 - 0x00007ff96d11d000 	C:\windows\System32\SHCORE.dll
0x00007ff96d440000 - 0x00007ff96d495000 	C:\windows\System32\shlwapi.dll
0x00007ff96be40000 - 0x00007ff96be5f000 	C:\windows\SYSTEM32\profapi.dll
0x00007ff93cb80000 - 0x00007ff93cb93000 	C:\Program Files\Java\jdk-18.0.1.1\bin\net.dll
0x00007ff966d30000 - 0x00007ff966e3a000 	C:\windows\SYSTEM32\WINHTTP.dll
0x00007ff96b6c0000 - 0x00007ff96b72a000 	C:\windows\system32\mswsock.dll
0x00007ff938e50000 - 0x00007ff938e66000 	C:\Program Files\Java\jdk-18.0.1.1\bin\nio.dll
0x00007ff930550000 - 0x00007ff930568000 	C:\Program Files\Java\jdk-18.0.1.1\bin\zip.dll
0x00007ff958930000 - 0x00007ff958940000 	C:\Program Files\Java\jdk-18.0.1.1\bin\verify.dll
0x00007ff963a40000 - 0x00007ff963a67000 	C:\Users\kkjsn\.gradle\native\e1d6ef7f7dcc3fd88c89a11ec53ec762bb8ba0a96d01ffa2cd45eb1d1d8dd5c5\windows-amd64\native-platform.dll
0x00007ff91a9e0000 - 0x00007ff91ab24000 	C:\Users\kkjsn\.gradle\native\5664cfc778a61ccfe75a443a1ab52a65af34e5dc3c78e0209fed803814484fcb\windows-amd64\native-platform-file-events.dll
0x00007ff946310000 - 0x00007ff946319000 	C:\Program Files\Java\jdk-18.0.1.1\bin\management.dll
0x00007ff945ed0000 - 0x00007ff945edb000 	C:\Program Files\Java\jdk-18.0.1.1\bin\management_ext.dll
0x00007ff96b8b0000 - 0x00007ff96b8c8000 	C:\windows\SYSTEM32\CRYPTSP.dll
0x00007ff96afd0000 - 0x00007ff96b004000 	C:\windows\system32\rsaenh.dll
0x00007ff96bf30000 - 0x00007ff96bf57000 	C:\windows\System32\bcrypt.dll
0x00007ff96bdc0000 - 0x00007ff96bdee000 	C:\windows\SYSTEM32\USERENV.dll
0x00007ff96b8d0000 - 0x00007ff96b8dc000 	C:\windows\SYSTEM32\CRYPTBASE.dll
0x00007ff96b360000 - 0x00007ff96b39b000 	C:\windows\SYSTEM32\IPHLPAPI.DLL
0x00007ff96d1e0000 - 0x00007ff96d1e8000 	C:\windows\System32\NSI.dll
0x00007ff963bf0000 - 0x00007ff963c07000 	C:\windows\SYSTEM32\dhcpcsvc6.DLL
0x00007ff963f40000 - 0x00007ff963f5d000 	C:\windows\SYSTEM32\dhcpcsvc.DLL
0x00007ff96b3f0000 - 0x00007ff96b4bb000 	C:\windows\SYSTEM32\DNSAPI.dll

dbghelp: loaded successfully - version: 4.0.5 - missing functions: none
symbol engine: initialized successfully - sym options: 0x614 - pdb path: .;C:\Program Files\Java\jdk-18.0.1.1\bin;C:\windows\SYSTEM32;C:\windows\WinSxS\amd64_microsoft.windows.common-controls_6595b64144ccf1df_6.0.19041.1110_none_60b5254171f9507e;C:\Program Files\Java\jdk-18.0.1.1\bin\server;C:\Users\kkjsn\.gradle\native\e1d6ef7f7dcc3fd88c89a11ec53ec762bb8ba0a96d01ffa2cd45eb1d1d8dd5c5\windows-amd64;C:\Users\kkjsn\.gradle\native\5664cfc778a61ccfe75a443a1ab52a65af34e5dc3c78e0209fed803814484fcb\windows-amd64

VM Arguments:
jvm_args: --add-opens=java.base/java.util=ALL-UNNAMED --add-opens=java.base/java.lang=ALL-UNNAMED --add-opens=java.base/java.lang.invoke=ALL-UNNAMED --add-opens=java.base/java.util=ALL-UNNAMED --add-opens=java.prefs/java.util.prefs=ALL-UNNAMED --add-opens=java.prefs/java.util.prefs=ALL-UNNAMED --add-opens=java.base/java.nio.charset=ALL-UNNAMED --add-opens=java.base/java.net=ALL-UNNAMED --add-opens=java.base/java.util.concurrent.atomic=ALL-UNNAMED -Xmx2048m -Dfile.encoding=UTF-8 -Duser.country=KR -Duser.language=ko -Duser.variant 
java_command: org.gradle.launcher.daemon.bootstrap.GradleDaemon 7.3.3
java_class_path (initial): C:\Users\kkjsn\.gradle\wrapper\dists\gradle-7.3.3-bin\6a41zxkdtcxs8rphpq6y0069z\gradle-7.3.3\lib\gradle-launcher-7.3.3.jar
Launcher Type: SUN_STANDARD

[Global flags]
     intx CICompilerCount                          = 4                                         {product} {ergonomic}
     uint ConcGCThreads                            = 2                                         {product} {ergonomic}
     uint G1ConcRefinementThreads                  = 8                                         {product} {ergonomic}
   size_t G1HeapRegionSize                         = 1048576                                   {product} {ergonomic}
    uintx GCDrainStackTargetSize                   = 64                                        {product} {ergonomic}
   size_t InitialHeapSize                          = 264241152                                 {product} {ergonomic}
   size_t MarkStackSize                            = 4194304                                   {product} {ergonomic}
   size_t MaxHeapSize                              = 2147483648                                {product} {command line}
   size_t MaxNewSize                               = 1287651328                                {product} {ergonomic}
   size_t MinHeapDeltaBytes                        = 1048576                                   {product} {ergonomic}
   size_t MinHeapSize                              = 8388608                                   {product} {ergonomic}
    uintx NonNMethodCodeHeapSize                   = 5839372                                {pd product} {ergonomic}
    uintx NonProfiledCodeHeapSize                  = 122909434                              {pd product} {ergonomic}
    uintx ProfiledCodeHeapSize                     = 122909434                              {pd product} {ergonomic}
    uintx ReservedCodeCacheSize                    = 251658240                              {pd product} {ergonomic}
     bool SegmentedCodeCache                       = true                                      {product} {ergonomic}
   size_t SoftMaxHeapSize                          = 2147483648                             {manageable} {ergonomic}
     bool UseCompressedClassPointers               = true                           {product lp64_product} {ergonomic}
     bool UseCompressedOops                        = true                           {product lp64_product} {ergonomic}
     bool UseG1GC                                  = true                                      {product} {ergonomic}
     bool UseLargePagesIndividualAllocation        = false                                  {pd product} {ergonomic}

Logging:
Log output configuration:
 #0: stdout all=warning uptime,level,tags foldmultilines=false
 #1: stderr all=off uptime,level,tags foldmultilines=false

Environment Variables:
JAVA_HOME=C:\Program Files\Java\jdk-18.0.1.1
CLASSPATH=C:\Program Files\Java\jdk-18.0.1.1\lib
PATH=C:\Program Files\Common Files\Oracle\Java\javapath;C:\windows\system32;C:\windows;C:\windows\System32\Wbem;C:\windows\System32\WindowsPowerShell\v1.0\;C:\windows\System32\OpenSSH\;C:\Program Files\dotnet\;C:\Program Files\Git\cmd;C:\Program Files\Java\jdk-18.0.1.1\bin;C:\Users\kkjsn\AppData\Local\Programs\Python\Python310\Scripts\;C:\Users\kkjsn\AppData\Local\Programs\Python\Python310\;C:\Users\kkjsn\AppData\Local\Microsoft\WindowsApps;C:\Program Files\Java\jdk-17.0.2\bin;C:\Users\kkjsn\.dotnet\tools;C:\Users\kkjsn\AppData\Local\GitHubDesktop\bin
USERNAME=kkjsn
OS=Windows_NT
PROCESSOR_IDENTIFIER=Intel64 Family 6 Model 140 Stepping 1, GenuineIntel



---------------  S Y S T E M  ---------------

OS:
 Windows 10 , 64 bit Build 19041 (10.0.19041.1706)
OS uptime: 10 days 2:10 hours

CPU: total 8 (initial active 8) (4 cores per cpu, 2 threads per core) family 6 model 140 stepping 1 microcode 0x9a, cx8, cmov, fxsr, ht, mmx, 3dnowpref, sse, sse2, sse3, ssse3, sse4.1, sse4.2, popcnt, lzcnt, tsc, tscinvbit, avx, avx2, aes, erms, clmul, bmi1, bmi2, adx, avx512f, avx512dq, avx512cd, avx512bw, avx512vl, sha, fma, vzeroupper, avx512_vpopcntdq, avx512_vpclmulqdq, avx512_vaes, avx512_vnni, clflush, clflushopt, clwb, avx512_vbmi2, avx512_vbmi

Memory: 4k page, system-wide physical 16057M (1493M free)
TotalPageFile size 24057M (AvailPageFile size 0M)
current process WorkingSet (physical memory assigned to process): 386M, peak: 386M
current process commit charge ("private bytes"): 448M, peak: 457M

vm_info: Java HotSpot(TM) 64-Bit Server VM (18.0.1.1+2-6) for windows-amd64 JRE (18.0.1.1+2-6), built on Apr 25 2022 21:53:15 by "mach5one" with MS VC++ 16.8 / 16.9 (VS2019)

END.
